#
# A fatal error has been detected by the Java Runtime Environment:
#
#  Internal Error (jvmciRuntime.cpp:1609), pid=22, tid=36
#  fatal error: Fatal exception in JVMCI: Error calling jdk.vm.ci.services.Services.serializeSavedProperties
#
# JRE version: OpenJDK Runtime Environment GraalVM CE 22.3.0 (17.0.5+8) (build 17.0.5+8-jvmci-22.3-b08)
# Java VM: OpenJDK 64-Bit Server VM GraalVM CE 22.3.0 (17.0.5+8-jvmci-22.3-b08, mixed mode, sharing, tiered, jvmci, jvmci compiler, compressed oops, compressed class ptrs, parallel gc, linux-amd64)
# Problematic frame:
# V  [libjvm.so+0x972714]  JVMCIRuntime::fatal_exception(JVMCIEnv*, char const*)+0x74
#
# Core dump will be written. Default location: Core dumps may be processed with "/usr/share/apport/apport -p%p -s%s -c%c -d%d -P%P -u%u -g%g -- %E" (or dumping to /home/runner/Scanner/core.22)
#
# If you would like to submit a bug report, please visit:
#   https://github.com/oracle/graal/issues
#

---------------  S U M M A R Y ------------

Command Line: -XX:ThreadPriorityPolicy=1 -XX:+UnlockExperimentalVMOptions -XX:+EnableJVMCIProduct -XX:JVMCIThreadsPerNativeLibraryRuntime=1 -XX:-UnlockExperimentalVMOptions -Declipse.application=org.eclipse.jdt.ls.core.id1 -Dosgi.bundles.defaultStartLevel=4 -Declipse.product=org.eclipse.jdt.ls.core.product -Dlog.level=ALL -Xverify:none -XX:+UseParallelGC -XX:GCTimeRatio=4 -XX:AdaptiveSizePolicyWeight=90 -Dsun.zip.disableMemoryMapping=true -Xmx512m -Xms100m /nix/store/m6gcpi1ii6rghy04cjwjddcavv7i90df-jdt-language-server-1.9.0/share/java/plugins/org.eclipse.equinox.launcher_1.6.400.v20210924-0641.jar --add-modules=ALL-SYSTEM --add-opens java.base/java.util=ALL-UNNAMED --add-opens java.base/java.lang=ALL-UNNAMED -configuration /home/runner/.cache/jdt-language-server/config -data /home/runner/.cache/jdt-language-server/data/home/runner/Scanner

Host: AMD EPYC 7B12, 8 cores, 1G, Ubuntu 20.04.2 LTS
Time: Fri Jun 16 19:01:58 2023 UTC elapsed time: 1985.886076 seconds (0d 0h 33m 5s)

---------------  T H R E A D  ---------------

Current thread (0x00007f63c80b21b0):  JavaThread "JVMCI-native CompilerThread0" daemon [_thread_in_vm, id=36, stack(0x00007f63acb1a000,0x00007f63acd1a000)]


Current CompileTask:
JVMCI-native:1985886 12909       4       org.eclipse.jdt.internal.compiler.impl.IrritantSet::isAnySet (39 bytes)

Stack: [0x00007f63acb1a000,0x00007f63acd1a000],  sp=0x00007f63acd18380,  free space=2040k
Native frames: (J=compiled Java code, j=interpreted, Vv=VM code, C=native code)
V  [libjvm.so+0x972714]  JVMCIRuntime::fatal_exception(JVMCIEnv*, char const*)+0x74
V  [libjvm.so+0x93e2fe]  JVMCIEnv::copy_saved_properties()+0x14e
V  [libjvm.so+0x9732a9]  JVMCIRuntime::initialize(JVMCIEnv*)+0xb19
V  [libjvm.so+0x9738a2]  JVMCIRuntime::get_HotSpotJVMCIRuntime(JVMCIEnv*)+0x12
V  [libjvm.so+0x9749f2]  JVMCIRuntime::compile_method(JVMCIEnv*, JVMCICompiler*, methodHandle const&, int)+0xd2
V  [libjvm.so+0x5b0d20]  CompileBroker::invoke_compiler_on_method(CompileTask*)+0x1470
V  [libjvm.so+0x5b12e8]  CompileBroker::compiler_thread_loop()+0x528
V  [libjvm.so+0xd82460]  JavaThread::thread_main_inner()+0xd0
V  [libjvm.so+0xd85a40]  Thread::call_run()+0xc0
V  [libjvm.so+0xbdb1e1]  thread_native_entry(Thread*)+0xe1

Register to memory mapping:

RAX=0x00007f63cc82d000 points into unknown readable memory: 0x0000000000000058 | 58 00 00 00 00 00 00 00
RBX=0x00007f63cd928398: <offset 0x0000000000ef5398> in /nix/store/gpxl5qgg8kicmcvivwmybwjlpf7wh20l-graalvm17-ce-22.3.0/lib/server/libjvm.so at 0x00007f63cca33000
RCX=0x00007f63cd8e01e8: <offset 0x0000000000ead1e8> in /nix/store/gpxl5qgg8kicmcvivwmybwjlpf7wh20l-graalvm17-ce-22.3.0/lib/server/libjvm.so at 0x00007f63cca33000
RDX=0x0000000000000649 is an unknown value
RSP=0x00007f63acd18380 is pointing into the stack for thread: 0x00007f63c80b21b0
RBP=0x00007f63acd183a0 is pointing into the stack for thread: 0x00007f63c80b21b0
RSI=0x00007f63cd928c48: <offset 0x0000000000ef5c48> in /nix/store/gpxl5qgg8kicmcvivwmybwjlpf7wh20l-graalvm17-ce-22.3.0/lib/server/libjvm.so at 0x00007f63cca33000
RDI=0x00000000e0000000 is an oop: java.lang.String 
{0x00000000e0000000} - klass: 'java/lang/String'
 - string: "optional"
R8 =0x00007f63cd928398: <offset 0x0000000000ef5398> in /nix/store/gpxl5qgg8kicmcvivwmybwjlpf7wh20l-graalvm17-ce-22.3.0/lib/server/libjvm.so at 0x00007f63cca33000
R9 =0x0000000000000003 is an unknown value
R10=0x00007f63cdc79da0: <offset 0x0000000001246da0> in /nix/store/gpxl5qgg8kicmcvivwmybwjlpf7wh20l-graalvm17-ce-22.3.0/lib/server/libjvm.so at 0x00007f63cca33000
R11=0x000000080044f048 is pointing into metadata
R12=0x0 is NULL
R13=0x00007f63c80b21b0 is a thread
R14=0x00007f63c8000b80 points into unknown readable memory: 0x00007f63cdb59a38 | 38 9a b5 cd 63 7f 00 00
R15=0x00007f63cdc67e40: <offset 0x0000000001234e40> in /nix/store/gpxl5qgg8kicmcvivwmybwjlpf7wh20l-graalvm17-ce-22.3.0/lib/server/libjvm.so at 0x00007f63cca33000


Registers:
RAX=0x00007f63cc82d000, RBX=0x00007f63cd928398, RCX=0x00007f63cd8e01e8, RDX=0x0000000000000649
RSP=0x00007f63acd18380, RBP=0x00007f63acd183a0, RSI=0x00007f63cd928c48, RDI=0x00000000e0000000
R8 =0x00007f63cd928398, R9 =0x0000000000000003, R10=0x00007f63cdc79da0, R11=0x000000080044f048
R12=0x0000000000000000, R13=0x00007f63c80b21b0, R14=0x00007f63c8000b80, R15=0x00007f63cdc67e40
RIP=0x00007f63cd3a5714, EFLAGS=0x0000000000010206, CSGSFS=0x002b000000000033, ERR=0x0000000000000006
  TRAPNO=0x000000000000000e

Top of Stack: (sp=0x00007f63acd18380)
0x00007f63acd18380:   00007f63acd18940 00007f63c80b21b0
0x00007f63acd18390:   00007f63cc1be8c8 0000000800c417a0
0x00007f63acd183a0:   00007f63acd18500 00007f63cd3712fe
0x00007f63acd183b0:   00007f63acd183e0 00007f63acd18440 

Instructions: (pc=0x00007f63cd3a5714)
0x00007f63cd3a5614:   30 e8 f6 cf e8 ff 4c 89 e7 e8 2e 48 d1 ff 84 db
0x00007f63cd3a5624:   75 2a 4d 85 ed 74 04 4d 8b 6d 00 48 83 c4 08 44
0x00007f63cd3a5634:   89 f9 4c 89 f2 4c 89 ee 5b 4c 89 e7 41 5c 41 5d
0x00007f63cd3a5644:   41 5e 41 5f 5d e9 e2 47 d1 ff 66 90 48 83 c4 08
0x00007f63cd3a5654:   5b 41 5c 41 5d 41 5e 41 5f 5d c3 90 31 d2 be 08
0x00007f63cd3a5664:   00 00 00 4c 89 ff e8 b1 78 a3 ff 49 89 c5 e9 37
0x00007f63cd3a5674:   ff ff ff 66 0f 1f 84 00 00 00 00 00 48 8b 7a 08
0x00007f63cd3a5684:   e9 6d ff ff ff 0f 1f 80 00 00 00 00 e8 5b 48 0a
0x00007f63cd3a5694:   00 84 c0 75 89 e9 6a ff ff ff 66 90 55 48 89 e5
0x00007f63cd3a56a4:   41 56 41 55 41 54 49 89 fc 53 48 89 f3 66 48 8d
0x00007f63cd3a56b4:   3d 27 5e 85 00 66 66 48 e8 df 43 8d ff 4c 8b 28
0x00007f63cd3a56c4:   8b 05 be 72 8a 00 85 c0 75 14 ba 01 00 00 00 48
0x00007f63cd3a56d4:   8d 0d ae 72 8a 00 f0 0f b1 11 85 c0 74 4e be c8
0x00007f63cd3a56e4:   00 00 00 4c 89 ef e8 01 0b 41 00 48 8d 05 12 ac
0x00007f63cd3a56f4:   85 00 49 89 d8 48 8d 0d e8 aa 53 00 ba 49 06 00
0x00007f63cd3a5704:   00 48 8d 35 3c 35 58 00 bf 00 00 00 e0 48 8b 00
0x00007f63cd3a5714:   c6 00 58 31 c0 e8 e2 91 c6 ff 5b 41 5c 41 5d 41
0x00007f63cd3a5724:   5e 5d e9 55 34 26 00 0f 1f 44 00 00 48 8d 05 81
0x00007f63cd3a5734:   a3 8b 00 48 89 df 4c 8b 30 e8 9e 43 8d ff 48 89
0x00007f63cd3a5744:   de 48 89 c2 49 8b 06 4c 89 f7 ff 50 08 4c 89 f7
0x00007f63cd3a5754:   e8 a7 5c 27 00 4d 85 e4 74 12 be 01 00 00 00 4c
0x00007f63cd3a5764:   89 e7 e8 35 43 fc ff eb 82 0f 1f 00 be 01 00 00
0x00007f63cd3a5774:   00 4c 89 ef e8 d3 fd ff ff e9 6d ff ff ff 66 66
0x00007f63cd3a5784:   2e 0f 1f 84 00 00 00 00 00 0f 1f 00 55 48 89 e5
0x00007f63cd3a5794:   41 57 41 56 41 55 41 54 53 48 81 ec 08 02 00 00
0x00007f63cd3a57a4:   64 48 8b 04 25 28 00 00 00 48 89 45 c8 8b 07 83
0x00007f63cd3a57b4:   f8 02 0f 84 11 04 00 00 4c 8b 6f 18 49 89 ff 49
0x00007f63cd3a57c4:   89 f4 4d 85 ed 74 14 4c 89 ef e8 5d 57 22 00 41
0x00007f63cd3a57d4:   8b 07 83 f8 02 0f 84 19 04 00 00 48 8d 1d 9a 06
0x00007f63cd3a57e4:   8a 00 4c 8d 35 0b 3c 58 00 eb 38 90 48 85 d2 7f
0x00007f63cd3a57f4:   0d 48 8d 05 b4 c0 85 00 48 83 38 00 7e 0e 41 8b
0x00007f63cd3a5804:   77 2c 4c 89 f7 31 c0 e8 a0 b2 f7 ff 49 8b 7f 18 


Stack slot to memory mapping:
stack at sp + 0 slots: 0x00007f63acd18940 is pointing into the stack for thread: 0x00007f63c80b21b0
stack at sp + 1 slots: 0x00007f63c80b21b0 is a thread
stack at sp + 2 slots: 0x00007f63cc1be8c8 points into unknown readable memory: 0x65730018052dffff | ff ff 2d 05 18 00 73 65
stack at sp + 3 slots: 0x0000000800c417a0 is a pointer to class: 
jdk.vm.ci.services.Services {0x0000000800c417a0}
 - instance size:     2
 - klass size:        65
 - access:            public final synchronized 
 - state:             fully_initialized
 - name:              'jdk/vm/ci/services/Services'
 - super:             'java/lang/Object'
 - sub:               
 - arrays:            NULL
 - methods:           Array<T>(0x00007f63ad444150)
 - method ordering:   Array<T>(0x0000000800928960)
 - default_methods:   Array<T>(0x0000000000000000)
 - local interfaces:  Array<T>(0x00000008005ce810)
 - trans. interfaces: Array<T>(0x00000008005ce810)
 - constants:         constant pool [427] {0x00007f63ad443230} for 'jdk/vm/ci/services/Services' cache=0x00007f63ad445c60
 - class loader data:  loader data: 0x00007f63c80283d0 of 'bootstrap'
 - source file:       'Services.java'
 - class annotations:       Array<T>(0x0000000000000000)
 - class type annotations:  Array<T>(0x0000000000000000)
 - field annotations:       Array<T>(0x0000000000000000)
 - field type annotations:  Array<T>(0x0000000000000000)
 - inner classes:     Array<T>(0x00007f63ad445968)
 - nest members:     Array<T>(0x00007f63ad445988)
 - permitted subclasses:     Array<T>(0x00000008005ce7a0)
 - java mirror:       a 'java/lang/Class'{0x00000000e0148d40} = 'jdk/vm/ci/services/Services'
 - vtable length      5  (start addr: 0x0000000800c41970)
 - itable length      2 (start addr: 0x0000000800c41998)
 - ---- static fields (3 words):
 - public static final 'IS_BUILDING_NATIVE_IMAGE' 'Z' @128 
 - public static final 'IS_IN_NATIVE_IMAGE' 'Z' @129 
 - private static volatile 'savedProperties' 'Ljava/util/Map;' @112 
 - static final 'JVMCI_ENABLED' 'Z' @130 
 - private static final 'servicesCache' 'Ljava/util/Map;' @116 
 - private static final 'MAX_UNICODE_IN_UTF8_LENGTH' 'I' @120 
 - private static final 'MAX_UTF8_PROPERTY_STRING_LENGTH' 'I' @124 
 - ---- non-static fields (0 words):
 - non-static oop maps: 
stack at sp + 4 slots: 0x00007f63acd18500 is pointing into the stack for thread: 0x00007f63c80b21b0
stack at sp + 5 slots: 0x00007f63cd3712fe: <offset 0x000000000093e2fe> in /nix/store/gpxl5qgg8kicmcvivwmybwjlpf7wh20l-graalvm17-ce-22.3.0/lib/server/libjvm.so at 0x00007f63cca33000
stack at sp + 6 slots: 0x00007f63acd183e0 is pointing into the stack for thread: 0x00007f63c80b21b0
stack at sp + 7 slots: 0x00007f63acd18440 is pointing into the stack for thread: 0x00007f63c80b21b0


---------------  P R O C E S S  ---------------

Threads class SMR info:
_java_thread_list=0x00007f630c0082e0, length=26, elements={
0x00007f63c8026670, 0x00007f63c80a64b0, 0x00007f63c80a78f0, 0x00007f63c80ae020,
0x00007f63c80af3d0, 0x00007f63c80b07c0, 0x00007f63c80b21b0, 0x00007f63c80b36c0,
0x00007f63c80b4b10, 0x00007f63c80dfcd0, 0x00007f63c81288f0, 0x00007f63c8323dc0,
0x00007f63c83571d0, 0x00007f63c83590d0, 0x00007f63c82072b0, 0x00007f635c01a760,
0x00007f635c2a9240, 0x00007f635c488cf0, 0x00007f635c5f7560, 0x00007f63c847bfb0,
0x00007f63400010d0, 0x00007f63c83d42a0, 0x00007f6330001130, 0x00007f63341cdbf0,
0x00007f634032c070, 0x00007f630c010db0
}

Java Threads: ( => current thread )
  0x00007f63c8026670 JavaThread "main" [_thread_blocked, id=28, stack(0x00007f63cc84e000,0x00007f63cc94e000)]
  0x00007f63c80a64b0 JavaThread "Reference Handler" daemon [_thread_blocked, id=31, stack(0x00007f63adcdc000,0x00007f63adddc000)]
  0x00007f63c80a78f0 JavaThread "Finalizer" daemon [_thread_blocked, id=32, stack(0x00007f63ad300000,0x00007f63ad400000)]
  0x00007f63c80ae020 JavaThread "Signal Dispatcher" daemon [_thread_blocked, id=33, stack(0x00007f63acf1a000,0x00007f63ad01a000)]
  0x00007f63c80af3d0 JavaThread "Service Thread" daemon [_thread_blocked, id=34, stack(0x00007f63ace1a000,0x00007f63acf1a000)]
  0x00007f63c80b07c0 JavaThread "Monitor Deflation Thread" daemon [_thread_blocked, id=35, stack(0x00007f63acd1a000,0x00007f63ace1a000)]
=>0x00007f63c80b21b0 JavaThread "JVMCI-native CompilerThread0" daemon [_thread_in_vm, id=36, stack(0x00007f63acb1a000,0x00007f63acd1a000)]
  0x00007f63c80b36c0 JavaThread "C1 CompilerThread0" daemon [_thread_blocked, id=37, stack(0x00007f63ac91a000,0x00007f63acb1a000)]
  0x00007f63c80b4b10 JavaThread "Sweeper thread" daemon [_thread_blocked, id=38, stack(0x00007f63ac81a000,0x00007f63ac91a000)]
  0x00007f63c80dfcd0 JavaThread "Common-Cleaner" daemon [_thread_blocked, id=39, stack(0x00007f63ac71a000,0x00007f63ac81a000)]
  0x00007f63c81288f0 JavaThread "Notification Thread" daemon [_thread_blocked, id=40, stack(0x00007f63ac61a000,0x00007f63ac71a000)]
  0x00007f63c8323dc0 JavaThread "Active Thread: Equinox Container: e2ddb7dc-02cd-449c-820e-ffaba57708b8" [_thread_blocked, id=45, stack(0x00007f63ac300000,0x00007f63ac400000)]
  0x00007f63c83571d0 JavaThread "Framework Event Dispatcher: Equinox Container: e2ddb7dc-02cd-449c-820e-ffaba57708b8" daemon [_thread_blocked, id=46, stack(0x00007f63ac100000,0x00007f63ac200000)]
  0x00007f63c83590d0 JavaThread "Start Level: Equinox Container: e2ddb7dc-02cd-449c-820e-ffaba57708b8" daemon [_thread_blocked, id=47, stack(0x00007f6374900000,0x00007f6374a00000)]
  0x00007f63c82072b0 JavaThread "Refresh Thread: Equinox Container: e2ddb7dc-02cd-449c-820e-ffaba57708b8" daemon [_thread_blocked, id=48, stack(0x00007f6374700000,0x00007f6374800000)]
  0x00007f635c01a760 JavaThread "SCR Component Actor" daemon [_thread_blocked, id=49, stack(0x00007f6374500000,0x00007f6374600000)]
  0x00007f635c2a9240 JavaThread "Worker-JM" [_thread_blocked, id=51, stack(0x00007f6374100000,0x00007f6374200000)]
  0x00007f635c488cf0 JavaThread "Java indexing" daemon [_thread_blocked, id=54, stack(0x00007f6373b00000,0x00007f6373c00000)]
  0x00007f635c5f7560 JavaThread "Bundle File Closer" daemon [_thread_blocked, id=55, stack(0x00007f6373900000,0x00007f6373a00000)]
  0x00007f63c847bfb0 JavaThread "pool-3-thread-1" [_thread_blocked, id=56, stack(0x00007f6373800000,0x00007f6373900000)]
  0x00007f63400010d0 JavaThread "Worker-2" [_thread_blocked, id=57, stack(0x00007f6373700000,0x00007f6373800000)]
  0x00007f63c83d42a0 JavaThread "pool-2-thread-1" [_thread_blocked, id=58, stack(0x00007f6373500000,0x00007f6373600000)]
  0x00007f6330001130 JavaThread "Worker-3: Java indexing... " [_thread_blocked, id=59, stack(0x00007f6373300000,0x00007f6373400000)]
  0x00007f63341cdbf0 JavaThread "Worker-7: Publish Diagnostics" [_thread_blocked, id=79, stack(0x00007f63ac418000,0x00007f63ac518000)]
  0x00007f634032c070 JavaThread "Worker-8: Compacting resource model" [_thread_blocked, id=87, stack(0x00007f6373e00000,0x00007f6373f00000)]
  0x00007f630c010db0 JavaThread "Worker-9" [_thread_blocked, id=112, stack(0x00007f6374300000,0x00007f6374400000)]

Other Threads:
  0x00007f63c80a1bf0 VMThread "VM Thread" [stack: 0x00007f63addde000,0x00007f63adede000] [id=30] _threads_hazard_ptr=0x00007f630c0082e0
  0x00007f63c812a290 WatcherThread [stack: 0x00007f63ac51a000,0x00007f63ac61a000] [id=41]
  0x00007f63c803df10 GCTaskThread "GC Thread#0" [stack: 0x00007f63cc411000,0x00007f63cc511000] [id=29]

Threads with active compile tasks:
JVMCI-native CompilerThread0  1985983 12909       4       org.eclipse.jdt.internal.compiler.impl.IrritantSet::isAnySet (39 bytes)

VM state: synchronizing (normal execution)

VM Mutex/Monitor currently owned by a thread:  ([mutex/lock_event])
[0x00007f63c8023820] Threads_lock - owner thread: 0x00007f63c80a1bf0
[0x00007f63c8023fd0] Heap_lock - owner thread: 0x00007f635c488cf0

OutOfMemory and StackOverflow Exception counts:
OutOfMemoryError java_heap_errors=2
LinkageErrors=52

Heap address: 0x00000000e0000000, size: 512 MB, Compressed Oops mode: 32-bit

CDS archive(s) mapped at: [0x0000000800000000-0x0000000800bc8000-0x0000000800bc8000), size 12353536, SharedBaseAddress: 0x0000000800000000, ArchiveRelocationMode: 0.
Compressed class space mapped at: 0x0000000800c00000-0x0000000840c00000, reserved size: 1073741824
Narrow klass base: 0x0000000800000000, Narrow klass shift: 0, Narrow klass range: 0x100000000

GC Precious Log:
 CPUs: 8 total, 1 available
 Memory: 1024M
 Large Page Support: Disabled
 NUMA Support: Disabled
 Compressed Oops: Enabled (32-bit)
 Alignments: Space 512K, Generation 512K, Heap 2M
 Heap Min Capacity: 100M
 Heap Initial Capacity: 100M
 Heap Max Capacity: 512M
 Pre-touch: Disabled
 Parallel Workers: 1

Heap:
 PSYoungGen      total 69632K, used 49151K [0x00000000f5580000, 0x00000000fc500000, 0x0000000100000000)
  eden space 49152K, 99% used [0x00000000f5580000,0x00000000f857fff8,0x00000000f8580000)
  from space 20480K, 0% used [0x00000000f8580000,0x00000000f8580000,0x00000000f9980000)
  to   space 28672K, 0% used [0x00000000fa900000,0x00000000fa900000,0x00000000fc500000)
 ParOldGen       total 349696K, used 349696K [0x00000000e0000000, 0x00000000f5580000, 0x00000000f5580000)
  object space 349696K, 100% used [0x00000000e0000000,0x00000000f5580000,0x00000000f5580000)
 Metaspace       used 63536K, committed 64512K, reserved 1114112K
  class space    used 5801K, committed 6208K, reserved 1048576K

Card table byte_map: [0x00007f63cc511000,0x00007f63cc612000] _byte_map_base: 0x00007f63cbe11000

Marking Bits: (ParMarkBitMap*) 0x00007f63cdc614c0
 Begin Bits: [0x00007f63ae4b3000, 0x00007f63aecb3000)
 End Bits:   [0x00007f63aecb3000, 0x00007f63af4b3000)

Polling page: 0x00007f63cc82b000

Metaspace:

Usage:
  Non-class:     56.38 MB used.
      Class:      5.67 MB used.
       Both:     62.05 MB used.

Virtual space:
  Non-class space:       64.00 MB reserved,      56.94 MB ( 89%) committed,  8 nodes.
      Class space:        1.00 GB reserved,       6.06 MB ( <1%) committed,  1 nodes.
             Both:        1.06 GB reserved,      63.00 MB (  6%) committed. 

Chunk freelists:
   Non-Class:  2.58 MB
       Class:  1.98 MB
        Both:  4.56 MB

MaxMetaspaceSize: unlimited
CompressedClassSpaceSize: 1.00 GB
Initial GC threshold: 21.00 MB
Current GC threshold: 105.00 MB
CDS: on
MetaspaceReclaimPolicy: balanced
 - commit_granule_bytes: 65536.
 - commit_granule_words: 8192.
 - virtual_space_node_default_size: 1048576.
 - enlarge_chunks_in_place: 1.
 - new_chunks_are_fully_committed: 0.
 - uncommit_free_chunks: 1.
 - use_allocation_guard: 0.
 - handle_deallocations: 1.


Internal statistics:

num_allocs_failed_limit: 6.
num_arena_births: 398.
num_arena_deaths: 80.
num_vsnodes_births: 9.
num_vsnodes_deaths: 0.
num_space_committed: 1005.
num_space_uncommitted: 0.
num_chunks_returned_to_freelist: 110.
num_chunks_taken_from_freelist: 2822.
num_chunk_merges: 42.
num_chunk_splits: 1851.
num_chunks_enlarged: 1180.
num_purges: 10.
num_inconsistent_stats: 0.

CodeHeap 'non-profiled nmethods': size=120036Kb used=2652Kb max_used=2652Kb free=117383Kb
 bounds [0x00007f63b6f7a000, 0x00007f63b721a000, 0x00007f63be4b3000]
CodeHeap 'profiled nmethods': size=120032Kb used=24416Kb max_used=24836Kb free=95616Kb
 bounds [0x00007f63afa42000, 0x00007f63b1292000, 0x00007f63b6f7a000]
CodeHeap 'non-nmethods': size=5692Kb used=1404Kb max_used=1411Kb free=4287Kb
 bounds [0x00007f63af4b3000, 0x00007f63af723000, 0x00007f63afa42000]
 total_blobs=10001 nmethods=9258 adapters=623
 compilation: enabled
              stopped_count=0, restarted_count=0
 full_count=0

JVMCI Events (20 events):
Event: 1653.640 Thread 0x00007f63c80b21b0 initializing JVMCI runtime 0
Event: 1653.640 Thread 0x00007f63c80b21b0 done waiting for JavaVM references initialization in JVMCI runtime 0
Event: 1659.020 Thread 0x00007f63c80b21b0 initialized JVMCI runtime 0
Event: 1831.848 Thread 0x00007f63c80b21b0 compacted oop handles in JVMCI runtime 0 from 228 to 204
Event: 1831.849 Thread 0x00007f63c80b21b0 compacted oop handles in JVMCI runtime 0 from 205 to 164
Event: 1873.658 Thread 0x00007f63c80b21b0 compacted oop handles in JVMCI runtime 0 from 175 to 80
Event: 1885.968 Thread 0x00007f63c80b21b0 compacted oop handles in JVMCI runtime 0 from 94 to 91
Event: 1893.665 Thread 0x00007f63c80b21b0 compacted oop handles in JVMCI runtime 0 from 92 to 91
Event: 1919.463 Thread 0x00007f63c80b21b0 compacted oop handles in JVMCI runtime 0 from 130 to 128
Event: 1926.226 Thread 0x00007f63c80b21b0 detaching from JVMCI runtime 0: releasing idle compiler thread (0 other threads still attached)
Event: 1926.226 Thread 0x00007f63c80b21b0 shutting down HotSpotJVMCIRuntime for JVMCI runtime 0
Event: 1927.625 Thread 0x00007f63c80b21b0 shut down JVMCI runtime 0
Event: 1927.630 Thread 0x00007f63c80b21b0 destroyed JavaVM[10]@0x00007f6372b9e340 for JVMCI runtime 0
Event: 1927.630 Thread 0x00007f63c80b21b0 compacted oop handles in JVMCI runtime 0 from 132 to 132
Event: 1927.630 Thread 0x00007f63c80b21b0 releasing handles for JVMCI runtime 0: oop handles=132, metadata handles={total=416, live=414, blocks=34}
Event: 1927.630 Thread 0x00007f63c80b21b0 detached from JVMCI runtime 0
Event: 1930.459 Thread 0x00007f63c80b21b0 attached to JVMCI runtime 0
Event: 1930.460 Thread 0x00007f63c80b21b0 created JavaVM[11]@0x00007f6372b9e340 for JVMCI runtime 0
Event: 1931.854 Thread 0x00007f63c80b21b0 initializing JVMCI runtime 0
Event: 1931.854 Thread 0x00007f63c80b21b0 done waiting for JavaVM references initialization in JVMCI runtime 0

Compilation events (20 events):
Event: 1879.026 Thread 0x00007f63c80b21b0 nmethod 12901 0x00007f63b720e510 code [0x00007f63b720e680, 0x00007f63b720e738]
Event: 1879.026 Thread 0x00007f63c80b21b0 12904       4       org.eclipse.jdt.internal.compiler.lookup.ReferenceBinding$3::compare (13 bytes)
Event: 1883.251 Thread 0x00007f63c80b21b0 nmethod 12904 0x00007f63b720e810 code [0x00007f63b720e9a0, 0x00007f63b720ec08]
Event: 1883.251 Thread 0x00007f63c80b21b0 12905       4       org.eclipse.jdt.internal.compiler.lookup.ReferenceBinding$3::compare (46 bytes)
Event: 1885.961 Thread 0x00007f63c80b21b0 nmethod 12905 0x00007f63b720ee10 code [0x00007f63b720efa0, 0x00007f63b720f1b0]
Event: 1885.961 Thread 0x00007f63c80b21b0 12894       4       org.eclipse.jdt.internal.compiler.lookup.ReferenceBinding::isStatic (28 bytes)
Event: 1885.962 Thread 0x00007f63c80b21b0 nmethod 12894 0x00007f63b720f390 code [0x00007f63b720f500, 0x00007f63b720f590]
Event: 1885.962 Thread 0x00007f63c80b21b0 12898       4       org.eclipse.jdt.internal.compiler.lookup.LookupEnvironment::convertToParameterizedType (89 bytes)
Event: 1885.968 Thread 0x00007f63c80b21b0 nmethod 12898 0x00007f63b720f690 code [0x00007f63b720f880, 0x00007f63b720fb80]
Event: 1885.968 Thread 0x00007f63c80b21b0 12902       4       org.eclipse.jdt.internal.compiler.lookup.SourceTypeBinding::isGenericType (29 bytes)
Event: 1893.665 Thread 0x00007f63c80b21b0 nmethod 12902 0x00007f63b720ff10 code [0x00007f63b7210080, 0x00007f63b7210118]
Event: 1893.665 Thread 0x00007f63c80b21b0 12903       4       org.eclipse.jdt.internal.compiler.lookup.MethodBinding::getTypeVariable (41 bytes)
Event: 1903.530 Thread 0x00007f63c80b21b0 nmethod 12903 0x00007f63b7210210 code [0x00007f63b7210380, 0x00007f63b7210420]
Event: 1903.530 Thread 0x00007f63c80b21b0 12897       4       org.eclipse.jdt.internal.compiler.lookup.SourceTypeBinding::canBeSeenBy (39 bytes)
Event: 1915.034 Thread 0x00007f63c80b36c0 12908       3       org.eclipse.jdt.internal.compiler.flow.UnconditionalFlowInfo::markAsComparedEqualToNonNull (528 bytes)
Event: 1919.463 Thread 0x00007f63c80b21b0 nmethod 12897 0x00007f63b7210510 code [0x00007f63b72106e0, 0x00007f63b72109e8]
Event: 1919.463 Thread 0x00007f63c80b21b0 12907       4       org.eclipse.jdt.internal.compiler.ast.Statement::complainIfUnreachable (102 bytes)
Event: 1922.152 Thread 0x00007f63c80b36c0 nmethod 12908 0x00007f63b0d3a010 code [0x00007f63b0d3a240, 0x00007f63b0d3acb0]
Event: 1924.821 Thread 0x00007f63c80b21b0 nmethod 12907 0x00007f63b7210f10 code [0x00007f63b7211080, 0x00007f63b7211118]
Event: 1930.459 Thread 0x00007f63c80b21b0 12909       4       org.eclipse.jdt.internal.compiler.impl.IrritantSet::isAnySet (39 bytes)

GC Heap History (20 events):
Event: 1970.555 GC heap before
{Heap before GC invocations=1457 (full 1316):
 PSYoungGen      total 69632K, used 49152K [0x00000000f5580000, 0x00000000fc500000, 0x0000000100000000)
  eden space 49152K, 100% used [0x00000000f5580000,0x00000000f8580000,0x00000000f8580000)
  from space 20480K, 0% used [0x00000000f8580000,0x00000000f8580000,0x00000000f9980000)
  to   space 28672K, 0% used [0x00000000fa900000,0x00000000fa900000,0x00000000fc500000)
 ParOldGen       total 349696K, used 349693K [0x00000000e0000000, 0x00000000f5580000, 0x00000000f5580000)
  object space 349696K, 99% used [0x00000000e0000000,0x00000000f557f6d0,0x00000000f5580000)
 Metaspace       used 63536K, committed 64512K, reserved 1114112K
  class space    used 5801K, committed 6208K, reserved 1048576K
}
Event: 1972.033 GC heap after
{Heap after GC invocations=1457 (full 1316):
 PSYoungGen      total 77824K, used 49151K [0x00000000f5580000, 0x00000000fc500000, 0x0000000100000000)
  eden space 49152K, 99% used [0x00000000f5580000,0x00000000f857ffc0,0x00000000f8580000)
  from space 28672K, 0% used [0x00000000fa900000,0x00000000fa900000,0x00000000fc500000)
  to   space 20480K, 0% used [0x00000000f8580000,0x00000000f8580000,0x00000000f9980000)
 ParOldGen       total 349696K, used 349693K [0x00000000e0000000, 0x00000000f5580000, 0x00000000f5580000)
  object space 349696K, 99% used [0x00000000e0000000,0x00000000f557f6b0,0x00000000f5580000)
 Metaspace       used 63536K, committed 64512K, reserved 1114112K
  class space    used 5801K, committed 6208K, reserved 1048576K
}
Event: 1972.033 GC heap before
{Heap before GC invocations=1458 (full 1317):
 PSYoungGen      total 77824K, used 49152K [0x00000000f5580000, 0x00000000fc500000, 0x0000000100000000)
  eden space 49152K, 100% used [0x00000000f5580000,0x00000000f8580000,0x00000000f8580000)
  from space 28672K, 0% used [0x00000000fa900000,0x00000000fa900000,0x00000000fc500000)
  to   space 20480K, 0% used [0x00000000f8580000,0x00000000f8580000,0x00000000f9980000)
 ParOldGen       total 349696K, used 349693K [0x00000000e0000000, 0x00000000f5580000, 0x00000000f5580000)
  object space 349696K, 99% used [0x00000000e0000000,0x00000000f557f6b0,0x00000000f5580000)
 Metaspace       used 63536K, committed 64512K, reserved 1114112K
  class space    used 5801K, committed 6208K, reserved 1048576K
}
Event: 1973.468 GC heap after
{Heap after GC invocations=1458 (full 1317):
 PSYoungGen      total 69632K, used 49151K [0x00000000f5580000, 0x00000000fc500000, 0x0000000100000000)
  eden space 49152K, 99% used [0x00000000f5580000,0x00000000f857ffc0,0x00000000f8580000)
  from space 20480K, 0% used [0x00000000f8580000,0x00000000f8580000,0x00000000f9980000)
  to   space 28672K, 0% used [0x00000000fa900000,0x00000000fa900000,0x00000000fc500000)
 ParOldGen       total 349696K, used 349693K [0x00000000e0000000, 0x00000000f5580000, 0x00000000f5580000)
  object space 349696K, 99% used [0x00000000e0000000,0x00000000f557f6b0,0x00000000f5580000)
 Metaspace       used 63536K, committed 64512K, reserved 1114112K
  class space    used 5801K, committed 6208K, reserved 1048576K
}
Event: 1973.468 GC heap before
{Heap before GC invocations=1459 (full 1318):
 PSYoungGen      total 69632K, used 49152K [0x00000000f5580000, 0x00000000fc500000, 0x0000000100000000)
  eden space 49152K, 100% used [0x00000000f5580000,0x00000000f8580000,0x00000000f8580000)
  from space 20480K, 0% used [0x00000000f8580000,0x00000000f8580000,0x00000000f9980000)
  to   space 28672K, 0% used [0x00000000fa900000,0x00000000fa900000,0x00000000fc500000)
 ParOldGen       total 349696K, used 349693K [0x00000000e0000000, 0x00000000f5580000, 0x00000000f5580000)
  object space 349696K, 99% used [0x00000000e0000000,0x00000000f557f6b0,0x00000000f5580000)
 Metaspace       used 63536K, committed 64512K, reserved 1114112K
  class space    used 5801K, committed 6208K, reserved 1048576K
}
Event: 1974.932 GC heap after
{Heap after GC invocations=1459 (full 1318):
 PSYoungGen      total 77824K, used 49151K [0x00000000f5580000, 0x00000000fc500000, 0x0000000100000000)
  eden space 49152K, 99% used [0x00000000f5580000,0x00000000f857ffc0,0x00000000f8580000)
  from space 28672K, 0% used [0x00000000fa900000,0x00000000fa900000,0x00000000fc500000)
  to   space 20480K, 0% used [0x00000000f8580000,0x00000000f8580000,0x00000000f9980000)
 ParOldGen       total 349696K, used 349693K [0x00000000e0000000, 0x00000000f5580000, 0x00000000f5580000)
  object space 349696K, 99% used [0x00000000e0000000,0x00000000f557f6b0,0x00000000f5580000)
 Metaspace       used 63536K, committed 64512K, reserved 1114112K
  class space    used 5801K, committed 6208K, reserved 1048576K
}
Event: 1974.932 GC heap before
{Heap before GC invocations=1460 (full 1319):
 PSYoungGen      total 77824K, used 49152K [0x00000000f5580000, 0x00000000fc500000, 0x0000000100000000)
  eden space 49152K, 100% used [0x00000000f5580000,0x00000000f8580000,0x00000000f8580000)
  from space 28672K, 0% used [0x00000000fa900000,0x00000000fa900000,0x00000000fc500000)
  to   space 20480K, 0% used [0x00000000f8580000,0x00000000f8580000,0x00000000f9980000)
 ParOldGen       total 349696K, used 349693K [0x00000000e0000000, 0x00000000f5580000, 0x00000000f5580000)
  object space 349696K, 99% used [0x00000000e0000000,0x00000000f557f6b0,0x00000000f5580000)
 Metaspace       used 63536K, committed 64512K, reserved 1114112K
  class space    used 5801K, committed 6208K, reserved 1048576K
}
Event: 1976.365 GC heap after
{Heap after GC invocations=1460 (full 1319):
 PSYoungGen      total 69632K, used 49151K [0x00000000f5580000, 0x00000000fc500000, 0x0000000100000000)
  eden space 49152K, 99% used [0x00000000f5580000,0x00000000f857ffc0,0x00000000f8580000)
  from space 20480K, 0% used [0x00000000f8580000,0x00000000f8580000,0x00000000f9980000)
  to   space 28672K, 0% used [0x00000000fa900000,0x00000000fa900000,0x00000000fc500000)
 ParOldGen       total 349696K, used 349693K [0x00000000e0000000, 0x00000000f5580000, 0x00000000f5580000)
  object space 349696K, 99% used [0x00000000e0000000,0x00000000f557f6b0,0x00000000f5580000)
 Metaspace       used 63536K, committed 64512K, reserved 1114112K
  class space    used 5801K, committed 6208K, reserved 1048576K
}
Event: 1976.365 GC heap before
{Heap before GC invocations=1461 (full 1320):
 PSYoungGen      total 69632K, used 49151K [0x00000000f5580000, 0x00000000fc500000, 0x0000000100000000)
  eden space 49152K, 99% used [0x00000000f5580000,0x00000000f857fff8,0x00000000f8580000)
  from space 20480K, 0% used [0x00000000f8580000,0x00000000f8580000,0x00000000f9980000)
  to   space 28672K, 0% used [0x00000000fa900000,0x00000000fa900000,0x00000000fc500000)
 ParOldGen       total 349696K, used 349693K [0x00000000e0000000, 0x00000000f5580000, 0x00000000f5580000)
  object space 349696K, 99% used [0x00000000e0000000,0x00000000f557f6b0,0x00000000f5580000)
 Metaspace       used 63536K, committed 64512K, reserved 1114112K
  class space    used 5801K, committed 6208K, reserved 1048576K
}
Event: 1977.870 GC heap after
{Heap after GC invocations=1461 (full 1320):
 PSYoungGen      total 77824K, used 49151K [0x00000000f5580000, 0x00000000fc500000, 0x0000000100000000)
  eden space 49152K, 99% used [0x00000000f5580000,0x00000000f857ffd8,0x00000000f8580000)
  from space 28672K, 0% used [0x00000000fa900000,0x00000000fa900000,0x00000000fc500000)
  to   space 20480K, 0% used [0x00000000f8580000,0x00000000f8580000,0x00000000f9980000)
 ParOldGen       total 349696K, used 349693K [0x00000000e0000000, 0x00000000f5580000, 0x00000000f5580000)
  object space 349696K, 99% used [0x00000000e0000000,0x00000000f557f6b0,0x00000000f5580000)
 Metaspace       used 63536K, committed 64512K, reserved 1114112K
  class space    used 5801K, committed 6208K, reserved 1048576K
}
Event: 1977.871 GC heap before
{Heap before GC invocations=1462 (full 1321):
 PSYoungGen      total 77824K, used 49151K [0x00000000f5580000, 0x00000000fc500000, 0x0000000100000000)
  eden space 49152K, 99% used [0x00000000f5580000,0x00000000f857fff8,0x00000000f8580000)
  from space 28672K, 0% used [0x00000000fa900000,0x00000000fa900000,0x00000000fc500000)
  to   space 20480K, 0% used [0x00000000f8580000,0x00000000f8580000,0x00000000f9980000)
 ParOldGen       total 349696K, used 349693K [0x00000000e0000000, 0x00000000f5580000, 0x00000000f5580000)
  object space 349696K, 99% used [0x00000000e0000000,0x00000000f557f6b0,0x00000000f5580000)
 Metaspace       used 63536K, committed 64512K, reserved 1114112K
  class space    used 5801K, committed 6208K, reserved 1048576K
}
Event: 1979.533 GC heap after
{Heap after GC invocations=1462 (full 1321):
 PSYoungGen      total 69632K, used 49151K [0x00000000f5580000, 0x00000000fc500000, 0x0000000100000000)
  eden space 49152K, 99% used [0x00000000f5580000,0x00000000f857fff8,0x00000000f8580000)
  from space 20480K, 0% used [0x00000000f8580000,0x00000000f8580000,0x00000000f9980000)
  to   space 28672K, 0% used [0x00000000fa900000,0x00000000fa900000,0x00000000fc500000)
 ParOldGen       total 349696K, used 349693K [0x00000000e0000000, 0x00000000f5580000, 0x00000000f5580000)
  object space 349696K, 99% used [0x00000000e0000000,0x00000000f557f6b0,0x00000000f5580000)
 Metaspace       used 63536K, committed 64512K, reserved 1114112K
  class space    used 5801K, committed 6208K, reserved 1048576K
}
Event: 1979.535 GC heap before
{Heap before GC invocations=1463 (full 1322):
 PSYoungGen      total 69632K, used 49151K [0x00000000f5580000, 0x00000000fc500000, 0x0000000100000000)
  eden space 49152K, 99% used [0x00000000f5580000,0x00000000f857fff8,0x00000000f8580000)
  from space 20480K, 0% used [0x00000000f8580000,0x00000000f8580000,0x00000000f9980000)
  to   space 28672K, 0% used [0x00000000fa900000,0x00000000fa900000,0x00000000fc500000)
 ParOldGen       total 349696K, used 349695K [0x00000000e0000000, 0x00000000f5580000, 0x00000000f5580000)
  object space 349696K, 99% used [0x00000000e0000000,0x00000000f557ffc8,0x00000000f5580000)
 Metaspace       used 63536K, committed 64512K, reserved 1114112K
  class space    used 5801K, committed 6208K, reserved 1048576K
}
Event: 1981.087 GC heap after
{Heap after GC invocations=1463 (full 1322):
 PSYoungGen      total 77824K, used 49151K [0x00000000f5580000, 0x00000000fc500000, 0x0000000100000000)
  eden space 49152K, 99% used [0x00000000f5580000,0x00000000f857fff8,0x00000000f8580000)
  from space 28672K, 0% used [0x00000000fa900000,0x00000000fa900000,0x00000000fc500000)
  to   space 20480K, 0% used [0x00000000f8580000,0x00000000f8580000,0x00000000f9980000)
 ParOldGen       total 349696K, used 349694K [0x00000000e0000000, 0x00000000f5580000, 0x00000000f5580000)
  object space 349696K, 99% used [0x00000000e0000000,0x00000000f557f928,0x00000000f5580000)
 Metaspace       used 63536K, committed 64512K, reserved 1114112K
  class space    used 5801K, committed 6208K, reserved 1048576K
}
Event: 1981.088 GC heap before
{Heap before GC invocations=1464 (full 1323):
 PSYoungGen      total 77824K, used 49151K [0x00000000f5580000, 0x00000000fc500000, 0x0000000100000000)
  eden space 49152K, 99% used [0x00000000f5580000,0x00000000f857fff8,0x00000000f8580000)
  from space 28672K, 0% used [0x00000000fa900000,0x00000000fa900000,0x00000000fc500000)
  to   space 20480K, 0% used [0x00000000f8580000,0x00000000f8580000,0x00000000f9980000)
 ParOldGen       total 349696K, used 349695K [0x00000000e0000000, 0x00000000f5580000, 0x00000000f5580000)
  object space 349696K, 99% used [0x00000000e0000000,0x00000000f557fc18,0x00000000f5580000)
 Metaspace       used 63536K, committed 64512K, reserved 1114112K
  class space    used 5801K, committed 6208K, reserved 1048576K
}
Event: 1982.629 GC heap after
{Heap after GC invocations=1464 (full 1323):
 PSYoungGen      total 69632K, used 49151K [0x00000000f5580000, 0x00000000fc500000, 0x0000000100000000)
  eden space 49152K, 99% used [0x00000000f5580000,0x00000000f857fff8,0x00000000f8580000)
  from space 20480K, 0% used [0x00000000f8580000,0x00000000f8580000,0x00000000f9980000)
  to   space 28672K, 0% used [0x00000000fa900000,0x00000000fa900000,0x00000000fc500000)
 ParOldGen       total 349696K, used 349694K [0x00000000e0000000, 0x00000000f5580000, 0x00000000f5580000)
  object space 349696K, 99% used [0x00000000e0000000,0x00000000f557fab0,0x00000000f5580000)
 Metaspace       used 63536K, committed 64512K, reserved 1114112K
  class space    used 5801K, committed 6208K, reserved 1048576K
}
Event: 1982.630 GC heap before
{Heap before GC invocations=1465 (full 1324):
 PSYoungGen      total 69632K, used 49151K [0x00000000f5580000, 0x00000000fc500000, 0x0000000100000000)
  eden space 49152K, 99% used [0x00000000f5580000,0x00000000f857fff8,0x00000000f8580000)
  from space 20480K, 0% used [0x00000000f8580000,0x00000000f8580000,0x00000000f9980000)
  to   space 28672K, 0% used [0x00000000fa900000,0x00000000fa900000,0x00000000fc500000)
 ParOldGen       total 349696K, used 349695K [0x00000000e0000000, 0x00000000f5580000, 0x00000000f5580000)
  object space 349696K, 99% used [0x00000000e0000000,0x00000000f557fe40,0x00000000f5580000)
 Metaspace       used 63536K, committed 64512K, reserved 1114112K
  class space    used 5801K, committed 6208K, reserved 1048576K
}
Event: 1984.199 GC heap after
{Heap after GC invocations=1465 (full 1324):
 PSYoungGen      total 77824K, used 49151K [0x00000000f5580000, 0x00000000fc500000, 0x0000000100000000)
  eden space 49152K, 99% used [0x00000000f5580000,0x00000000f857fff8,0x00000000f8580000)
  from space 28672K, 0% used [0x00000000fa900000,0x00000000fa900000,0x00000000fc500000)
  to   space 20480K, 0% used [0x00000000f8580000,0x00000000f8580000,0x00000000f9980000)
 ParOldGen       total 349696K, used 349695K [0x00000000e0000000, 0x00000000f5580000, 0x00000000f5580000)
  object space 349696K, 99% used [0x00000000e0000000,0x00000000f557fcb0,0x00000000f5580000)
 Metaspace       used 63536K, committed 64512K, reserved 1114112K
  class space    used 5801K, committed 6208K, reserved 1048576K
}
Event: 1984.199 GC heap before
{Heap before GC invocations=1466 (full 1325):
 PSYoungGen      total 77824K, used 49151K [0x00000000f5580000, 0x00000000fc500000, 0x0000000100000000)
  eden space 49152K, 99% used [0x00000000f5580000,0x00000000f857fff8,0x00000000f8580000)
  from space 28672K, 0% used [0x00000000fa900000,0x00000000fa900000,0x00000000fc500000)
  to   space 20480K, 0% used [0x00000000f8580000,0x00000000f8580000,0x00000000f9980000)
 ParOldGen       total 349696K, used 349695K [0x00000000e0000000, 0x00000000f5580000, 0x00000000f5580000)
  object space 349696K, 99% used [0x00000000e0000000,0x00000000f557fcb0,0x00000000f5580000)
 Metaspace       used 63536K, committed 64512K, reserved 1114112K
  class space    used 5801K, committed 6208K, reserved 1048576K
}
Event: 1985.880 GC heap after
{Heap after GC invocations=1466 (full 1325):
 PSYoungGen      total 69632K, used 49151K [0x00000000f5580000, 0x00000000fc500000, 0x0000000100000000)
  eden space 49152K, 99% used [0x00000000f5580000,0x00000000f857fff8,0x00000000f8580000)
  from space 20480K, 0% used [0x00000000f8580000,0x00000000f8580000,0x00000000f9980000)
  to   space 28672K, 0% used [0x00000000fa900000,0x00000000fa900000,0x00000000fc500000)
 ParOldGen       total 349696K, used 349695K [0x00000000e0000000, 0x00000000f5580000, 0x00000000f5580000)
  object space 349696K, 99% used [0x00000000e0000000,0x00000000f557fcb0,0x00000000f5580000)
 Metaspace       used 63536K, committed 64512K, reserved 1114112K
  class space    used 5801K, committed 6208K, reserved 1048576K
}

Dll operation events (9 events):
Event: 0.002 Loaded shared library /nix/store/gpxl5qgg8kicmcvivwmybwjlpf7wh20l-graalvm17-ce-22.3.0/lib/libjava.so
Event: 0.008 Loaded shared library /nix/store/gpxl5qgg8kicmcvivwmybwjlpf7wh20l-graalvm17-ce-22.3.0/lib/libjsvml.so
Event: 0.241 Loaded shared library /nix/store/gpxl5qgg8kicmcvivwmybwjlpf7wh20l-graalvm17-ce-22.3.0/lib/libnio.so
Event: 0.316 Loaded shared library /nix/store/gpxl5qgg8kicmcvivwmybwjlpf7wh20l-graalvm17-ce-22.3.0/lib/libzip.so
Event: 0.318 Loaded shared library /nix/store/gpxl5qgg8kicmcvivwmybwjlpf7wh20l-graalvm17-ce-22.3.0/lib/libjvmcicompiler.so
Event: 0.821 Loaded shared library /nix/store/gpxl5qgg8kicmcvivwmybwjlpf7wh20l-graalvm17-ce-22.3.0/lib/libjimage.so
Event: 1.533 Loaded shared library /nix/store/gpxl5qgg8kicmcvivwmybwjlpf7wh20l-graalvm17-ce-22.3.0/lib/libnet.so
Event: 5.947 Loaded shared library /home/runner/.cache/jdt-language-server/config/org.eclipse.equinox.launcher/org.eclipse.equinox.launcher.gtk.linux.x86_64_1.2.400.v20211117-0650/eclipse_11600.so
Event: 13.518 Loaded shared library /nix/store/gpxl5qgg8kicmcvivwmybwjlpf7wh20l-graalvm17-ce-22.3.0/lib/libextnet.so

Deoptimization events (20 events):
Event: 103.073 Thread 0x00007f634032c070 Uncommon trap: trap_request=0xffffffcd fr.pc=0x00007f63b71c015a relative=0x000000000000027a
Event: 103.073 Thread 0x00007f634032c070 Uncommon trap: reason=intrinsic_or_type_checked_inlining action=reinterpret pc=0x00007f63b71c015a method=org.eclipse.jdt.internal.core.util.LRUCache.get(Ljava/lang/Object;)Ljava/lang/Object; @ 8 jvmci
Event: 103.073 Thread 0x00007f634032c070 DEOPT PACKING pc=0x00007f63b71c015a sp=0x00007f6373efe270
Event: 103.073 Thread 0x00007f634032c070 DEOPT UNPACKING pc=0x00007f63af505325 sp=0x00007f6373efd718 mode 3
Event: 108.842 Thread 0x00007f630c010db0 Uncommon trap: trap_request=0xffffffcd fr.pc=0x00007f63b71c1611 relative=0x0000000000000411
Event: 108.842 Thread 0x00007f630c010db0 Uncommon trap: reason=intrinsic_or_type_checked_inlining action=reinterpret pc=0x00007f63b71c1611 method=org.eclipse.jdt.internal.compiler.parser.Parser.fetchNextToken()I @ 0 jvmci
Event: 108.842 Thread 0x00007f630c010db0 DEOPT PACKING pc=0x00007f63b71c1611 sp=0x00007f63ac2fe120
Event: 108.842 Thread 0x00007f630c010db0 DEOPT UNPACKING pc=0x00007f63af505325 sp=0x00007f63ac2fd5d0 mode 3
Event: 115.647 Thread 0x00007f634032c070 Uncommon trap: trap_request=0xffffffcd fr.pc=0x00007f63b71cc052 relative=0x0000000000000312
Event: 115.647 Thread 0x00007f634032c070 Uncommon trap: reason=intrinsic_or_type_checked_inlining action=reinterpret pc=0x00007f63b71cc052 method=org.eclipse.jdt.internal.core.JavaModelCache.peekAtInfo(Lorg/eclipse/jdt/core/IJavaElement;)Ljava/lang/Object; @ 0 jvmci
Event: 115.647 Thread 0x00007f634032c070 DEOPT PACKING pc=0x00007f63b71cc052 sp=0x00007f6373efe490
Event: 115.647 Thread 0x00007f634032c070 DEOPT UNPACKING pc=0x00007f63af505325 sp=0x00007f6373efd920 mode 3
Event: 117.460 Thread 0x00007f63c83d42a0 DEOPT PACKING pc=0x00007f63afc887f3 sp=0x00007f63735fcc80
Event: 117.460 Thread 0x00007f63c83d42a0 DEOPT UNPACKING pc=0x00007f63af505325 sp=0x00007f63735fc150 mode 0
Event: 147.022 Thread 0x00007f63341cdbf0 DEOPT PACKING pc=0x00007f63b0b81d6f sp=0x00007f63ac5152e0
Event: 147.022 Thread 0x00007f63341cdbf0 DEOPT UNPACKING pc=0x00007f63af505325 sp=0x00007f63ac514840 mode 0
Event: 147.032 Thread 0x00007f63341cdbf0 DEOPT PACKING pc=0x00007f63b05b3e69 sp=0x00007f63ac5155d0
Event: 147.032 Thread 0x00007f63341cdbf0 DEOPT UNPACKING pc=0x00007f63af505325 sp=0x00007f63ac514f88 mode 0
Event: 855.551 Thread 0x00007f63c80b21b0 DEOPT PACKING pc=0x00007f63afa7af8a sp=0x00007f63acd17f30
Event: 855.551 Thread 0x00007f63c80b21b0 DEOPT UNPACKING pc=0x00007f63af505325 sp=0x00007f63acd17458 mode 0

Classes unloaded (20 events):
Event: 139.625 Thread 0x00007f63c80a1bf0 Unloading class 0x0000000800ee8000 'jdk/internal/reflect/GeneratedConstructorAccessor8'
Event: 143.159 Thread 0x00007f63c80a1bf0 Unloading class 0x000000080106d400 'java/lang/invoke/LambdaForm$MH+0x000000080106d400'
Event: 143.159 Thread 0x00007f63c80a1bf0 Unloading class 0x000000080106d000 'java/lang/invoke/LambdaForm$MH+0x000000080106d000'
Event: 143.159 Thread 0x00007f63c80a1bf0 Unloading class 0x000000080106cc00 'java/lang/invoke/LambdaForm$MH+0x000000080106cc00'
Event: 143.159 Thread 0x00007f63c80a1bf0 Unloading class 0x000000080106c800 'java/lang/invoke/LambdaForm$MH+0x000000080106c800'
Event: 143.159 Thread 0x00007f63c80a1bf0 Unloading class 0x000000080106c400 'java/lang/invoke/LambdaForm$MH+0x000000080106c400'
Event: 143.159 Thread 0x00007f63c80a1bf0 Unloading class 0x000000080106c000 'java/lang/invoke/LambdaForm$MH+0x000000080106c000'
Event: 143.159 Thread 0x00007f63c80a1bf0 Unloading class 0x0000000800da4400 'java/lang/invoke/LambdaForm$MH+0x0000000800da4400'
Event: 143.159 Thread 0x00007f63c80a1bf0 Unloading class 0x0000000800d04000 'java/lang/invoke/LambdaForm$MH+0x0000000800d04000'
Event: 144.848 Thread 0x00007f63c80a1bf0 Unloading class 0x0000000801204000 'jdk/internal/reflect/GeneratedConstructorAccessor43'
Event: 144.848 Thread 0x00007f63c80a1bf0 Unloading class 0x00000008011d0400 'jdk/internal/reflect/GeneratedConstructorAccessor38'
Event: 144.848 Thread 0x00007f63c80a1bf0 Unloading class 0x0000000801155400 'jdk/internal/reflect/GeneratedConstructorAccessor33'
Event: 144.848 Thread 0x00007f63c80a1bf0 Unloading class 0x0000000801155000 'jdk/internal/reflect/GeneratedConstructorAccessor32'
Event: 144.848 Thread 0x00007f63c80a1bf0 Unloading class 0x0000000801154c00 'jdk/internal/reflect/GeneratedConstructorAccessor31'
Event: 144.848 Thread 0x00007f63c80a1bf0 Unloading class 0x0000000801154800 'jdk/internal/reflect/GeneratedConstructorAccessor30'
Event: 144.848 Thread 0x00007f63c80a1bf0 Unloading class 0x0000000801154400 'jdk/internal/reflect/GeneratedConstructorAccessor29'
Event: 144.848 Thread 0x00007f63c80a1bf0 Unloading class 0x00000008010a0400 'jdk/internal/reflect/GeneratedSerializationConstructorAccessor4'
Event: 144.848 Thread 0x00007f63c80a1bf0 Unloading class 0x00000008010a0000 'jdk/internal/reflect/GeneratedSerializationConstructorAccessor3'
Event: 144.848 Thread 0x00007f63c80a1bf0 Unloading class 0x0000000801098c00 'jdk/internal/reflect/GeneratedSerializationConstructorAccessor2'
Event: 144.848 Thread 0x00007f63c80a1bf0 Unloading class 0x0000000801098800 'jdk/internal/reflect/GeneratedSerializationConstructorAccessor1'

Classes redefined (0 events):
No events

Internal exceptions (20 events):
Event: 71.826 Thread 0x00007f632c0ab480 Exception <a 'sun/nio/fs/UnixException'{0x00000000f8111080}> (0x00000000f8111080) 
thrown [src/hotspot/share/prims/jni.cpp, line 516]
Event: 73.115 Thread 0x00007f63341cdbf0 Exception <a 'java/lang/NoSuchMethodError'{0x00000000f61d8b18}: 'java.lang.Object java.lang.invoke.DirectMethodHandle$Holder.invokeStatic(java.lang.Object, java.lang.Object, java.lang.Object, long)'> (0x00000000f61d8b18) 
thrown [src/hotspot/share/interpreter/linkResolver.cpp, line 758]
Event: 73.116 Thread 0x00007f63341cdbf0 Exception <a 'java/lang/NoSuchMethodError'{0x00000000f6281f98}: 'java.lang.Object java.lang.invoke.DirectMethodHandle$Holder.newInvokeSpecial(java.lang.Object, java.lang.Object, java.lang.Object, long)'> (0x00000000f6281f98) 
thrown [src/hotspot/share/interpreter/linkResolver.cpp, line 758]
Event: 73.117 Thread 0x00007f63341cdbf0 Exception <a 'java/lang/NoSuchMethodError'{0x00000000f6286798}: 'java.lang.Object java.lang.invoke.DirectMethodHandle$Holder.invokeSpecial(java.lang.Object, java.lang.Object, java.lang.Object, java.lang.Object, long)'> (0x00000000f6286798) 
thrown [src/hotspot/share/interpreter/linkResolver.cpp, line 758]
Event: 73.117 Thread 0x00007f63341cdbf0 Exception <a 'java/lang/NoSuchMethodError'{0x00000000f628a540}: 'java.lang.Object java.lang.invoke.Invokers$Holder.linkToTargetMethod(java.lang.Object, java.lang.Object, long, java.lang.Object)'> (0x00000000f628a540) 
thrown [src/hotspot/share/interpreter/linkResolver.cpp, line 758]
Event: 78.929 Thread 0x00007f6334199150 Exception <a 'java/lang/ArrayIndexOutOfBoundsException'{0x00000000f76d1080}> (0x00000000f76d1080) 
thrown [src/hotspot/share/runtime/sharedRuntime.cpp, line 628]
Event: 79.016 Thread 0x00007f63341a2130 Exception <a 'java/lang/ArrayIndexOutOfBoundsException'{0x00000000f7881aa8}> (0x00000000f7881aa8) 
thrown [src/hotspot/share/runtime/sharedRuntime.cpp, line 628]
Event: 79.017 Thread 0x00007f6334199150 Exception <a 'java/lang/ArrayIndexOutOfBoundsException'{0x00000000f7885b50}> (0x00000000f7885b50) 
thrown [src/hotspot/share/runtime/sharedRuntime.cpp, line 628]
Event: 79.121 Thread 0x00007f6334199150 Exception <a 'java/lang/ArrayIndexOutOfBoundsException'{0x00000000f7c024d0}> (0x00000000f7c024d0) 
thrown [src/hotspot/share/runtime/sharedRuntime.cpp, line 628]
Event: 79.126 Thread 0x00007f63341a2130 Exception <a 'java/lang/ArrayIndexOutOfBoundsException'{0x00000000f7ca7070}> (0x00000000f7ca7070) 
thrown [src/hotspot/share/runtime/sharedRuntime.cpp, line 628]
Event: 79.316 Thread 0x00007f63341a2130 Exception <a 'java/lang/ArrayIndexOutOfBoundsException'{0x00000000f7f3d588}> (0x00000000f7f3d588) 
thrown [src/hotspot/share/runtime/sharedRuntime.cpp, line 628]
Event: 85.820 Thread 0x00007f63341a2130 Exception <a 'java/lang/ArrayIndexOutOfBoundsException'{0x00000000f7bbf8b8}> (0x00000000f7bbf8b8) 
thrown [src/hotspot/share/runtime/sharedRuntime.cpp, line 628]
Event: 85.916 Thread 0x00007f63341a2130 Exception <a 'java/lang/ArrayIndexOutOfBoundsException'{0x00000000f7c840a8}> (0x00000000f7c840a8) 
thrown [src/hotspot/share/runtime/sharedRuntime.cpp, line 628]
Event: 85.916 Thread 0x00007f63341a2130 Exception <a 'java/lang/ArrayIndexOutOfBoundsException'{0x00000000f7c85558}> (0x00000000f7c85558) 
thrown [src/hotspot/share/runtime/sharedRuntime.cpp, line 628]
Event: 85.916 Thread 0x00007f63341a2130 Exception <a 'java/lang/ArrayIndexOutOfBoundsException'{0x00000000f7c85918}> (0x00000000f7c85918) 
thrown [src/hotspot/share/runtime/sharedRuntime.cpp, line 628]
Event: 85.919 Thread 0x00007f63341a2710 Exception <a 'java/lang/ArrayIndexOutOfBoundsException'{0x00000000f7cdbd78}> (0x00000000f7cdbd78) 
thrown [src/hotspot/share/runtime/sharedRuntime.cpp, line 628]
Event: 85.929 Thread 0x00007f63341a2710 Exception <a 'java/lang/ArrayIndexOutOfBoundsException'{0x00000000f7dca820}> (0x00000000f7dca820) 
thrown [src/hotspot/share/runtime/sharedRuntime.cpp, line 628]
Event: 86.018 Thread 0x00007f63341a2710 Exception <a 'java/lang/ArrayIndexOutOfBoundsException'{0x00000000f7ec5ba8}> (0x00000000f7ec5ba8) 
thrown [src/hotspot/share/runtime/sharedRuntime.cpp, line 628]
Event: 1961.771 Thread 0x00007f63341cdbf0 Exception <a 'java/lang/OutOfMemoryError'{0x00000000e00045c0}> (0x00000000e00045c0) 
thrown [src/hotspot/share/gc/shared/memAllocator.cpp, line 136]
Event: 1985.880 Thread 0x00007f63c80b21b0 Exception <a 'java/lang/OutOfMemoryError'{0x00000000e0004890}> (0x00000000e0004890) 
thrown [src/hotspot/share/gc/shared/memAllocator.cpp, line 136]

VM Operations (20 events):
Event: 1969.218 Executing VM operation: ParallelGCFailedAllocation
Event: 1970.554 Executing VM operation: ParallelGCFailedAllocation done
Event: 1970.554 Executing VM operation: ParallelGCFailedAllocation
Event: 1972.033 Executing VM operation: ParallelGCFailedAllocation done
Event: 1972.033 Executing VM operation: ParallelGCFailedAllocation
Event: 1973.468 Executing VM operation: ParallelGCFailedAllocation done
Event: 1973.468 Executing VM operation: ParallelGCFailedAllocation
Event: 1974.932 Executing VM operation: ParallelGCFailedAllocation done
Event: 1974.932 Executing VM operation: ParallelGCFailedAllocation
Event: 1976.365 Executing VM operation: ParallelGCFailedAllocation done
Event: 1976.365 Executing VM operation: ParallelGCFailedAllocation
Event: 1977.870 Executing VM operation: ParallelGCFailedAllocation done
Event: 1977.871 Executing VM operation: ParallelGCFailedAllocation
Event: 1979.533 Executing VM operation: ParallelGCFailedAllocation done
Event: 1979.533 Executing VM operation: ParallelGCFailedAllocation
Event: 1981.087 Executing VM operation: ParallelGCFailedAllocation done
Event: 1981.088 Executing VM operation: ParallelGCFailedAllocation
Event: 1982.630 Executing VM operation: ParallelGCFailedAllocation done
Event: 1982.630 Executing VM operation: ParallelGCFailedAllocation
Event: 1985.880 Executing VM operation: ParallelGCFailedAllocation done

Events (20 events):
Event: 158.966 Thread 0x00007f63c80b4b10 flushing nmethod 0x00007f63b0d62010
Event: 158.966 Thread 0x00007f63c80b4b10 flushing nmethod 0x00007f63b0d71990
Event: 158.966 Thread 0x00007f63c80b4b10 flushing nmethod 0x00007f63b0d89a10
Event: 158.967 Thread 0x00007f63c80b4b10 flushing nmethod 0x00007f63b0dfc190
Event: 158.967 Thread 0x00007f63c80b4b10 flushing nmethod 0x00007f63b0e46710
Event: 158.967 Thread 0x00007f63c80b4b10 flushing nmethod 0x00007f63b0e46b90
Event: 158.967 Thread 0x00007f63c80b4b10 flushing nmethod 0x00007f63b0e7f910
Event: 158.968 Thread 0x00007f63c80b4b10 flushing nmethod 0x00007f63b0ed4610
Event: 158.974 Thread 0x00007f63c80b4b10 flushing nmethod 0x00007f63b1023090
Event: 178.788 Thread 0x00007f634c0010d0 Thread exited: 0x00007f634c0010d0
Event: 178.788 Thread 0x00007f632c0ab480 Thread exited: 0x00007f632c0ab480
Event: 178.788 Thread 0x00007f635c30cd80 Thread exited: 0x00007f635c30cd80
Event: 178.789 Thread 0x00007f6328000ff0 Thread exited: 0x00007f6328000ff0
Event: 178.789 Thread 0x00007f634c088140 Thread exited: 0x00007f634c088140
Event: 317.057 Thread 0x00007f630c010db0 Thread added: 0x00007f630c010db0
Event: 317.057 Protecting memory [0x00007f6374300000,0x00007f6374304000] with protection modes 0
Event: 1961.771 loading class java/lang/Throwable$WrappedPrintWriter
Event: 1961.771 loading class java/lang/Throwable$PrintStreamOrWriter
Event: 1961.772 loading class java/lang/Throwable$PrintStreamOrWriter done
Event: 1961.772 loading class java/lang/Throwable$WrappedPrintWriter done


Dynamic libraries:
e0000000-f5580000 rw-p 00000000 00:00 0 
f5580000-fc500000 rw-p 00000000 00:00 0 
fc500000-100000000 ---p 00000000 00:00 0 
800000000-800449000 rw-p 00001000 00:1544 4611686019135357769            /nix/store/gpxl5qgg8kicmcvivwmybwjlpf7wh20l-graalvm17-ce-22.3.0/lib/server/classes.jsa
800449000-800bc8000 r--p 0044a000 00:1544 4611686019135357769            /nix/store/gpxl5qgg8kicmcvivwmybwjlpf7wh20l-graalvm17-ce-22.3.0/lib/server/classes.jsa
800bc8000-800c00000 ---p 00000000 00:00 0 
800c00000-800c20000 rw-p 00000000 00:00 0 
800c20000-800c40000 rw-p 00000000 00:00 0 
800c40000-800cc0000 rw-p 00000000 00:00 0 
800cc0000-800d00000 rw-p 00000000 00:00 0 
800d00000-800dc0000 rw-p 00000000 00:00 0 
800dc0000-800e00000 rw-p 00000000 00:00 0 
800e00000-800f40000 rw-p 00000000 00:00 0 
800f40000-800fc0000 rw-p 00000000 00:00 0 
800fc0000-800ff0000 rw-p 00000000 00:00 0 
800ff0000-801000000 ---p 00000000 00:00 0 
801000000-801220000 rw-p 00000000 00:00 0 
801220000-840c00000 ---p 00000000 00:00 0 
55c8907ef000-55c8907f0000 r-xp 00000000 00:1544 4611686019099417844      /nix/store/gpxl5qgg8kicmcvivwmybwjlpf7wh20l-graalvm17-ce-22.3.0/bin/.java-wrapped
55c8907f1000-55c8907f2000 r--p 00001000 00:1544 4611686019099417844      /nix/store/gpxl5qgg8kicmcvivwmybwjlpf7wh20l-graalvm17-ce-22.3.0/bin/.java-wrapped
55c8907f2000-55c8907f3000 rw-p 00002000 00:1544 4611686019099417844      /nix/store/gpxl5qgg8kicmcvivwmybwjlpf7wh20l-graalvm17-ce-22.3.0/bin/.java-wrapped
55c8907f3000-55c8907f4000 rw-p 00004000 00:1544 4611686019099417844      /nix/store/gpxl5qgg8kicmcvivwmybwjlpf7wh20l-graalvm17-ce-22.3.0/bin/.java-wrapped
55c8907f4000-55c8907f5000 rw-p 00005000 00:1544 4611686019099417844      /nix/store/gpxl5qgg8kicmcvivwmybwjlpf7wh20l-graalvm17-ce-22.3.0/bin/.java-wrapped
55c89240b000-55c892453000 rw-p 00000000 00:00 0                          [heap]
7f6307400000-7f63074a0000 rw-p 00000000 00:00 0 
7f63074a0000-7f6307590000 rw-p 00000000 00:00 0 
7f6307590000-7f6307c00000 ---p 00000000 00:00 0 
7f6308000000-7f6308046000 rw-p 00000000 00:00 0 
7f6308046000-7f630c000000 ---p 00000000 00:00 0 
7f630c000000-7f630c022000 rw-p 00000000 00:00 0 
7f630c022000-7f6310000000 ---p 00000000 00:00 0 
7f6310000000-7f63100b0000 rw-p 00000000 00:00 0 
7f63100b0000-7f6314000000 ---p 00000000 00:00 0 
7f6314000000-7f63140b6000 rw-p 00000000 00:00 0 
7f63140b6000-7f6318000000 ---p 00000000 00:00 0 
7f6318000000-7f6318073000 rw-p 00000000 00:00 0 
7f6318073000-7f631c000000 ---p 00000000 00:00 0 
7f631dc00000-7f631e100000 rw-p 00000000 00:00 0 
7f631e100000-7f631e160000 rw-p 00000000 00:00 0 
7f631e160000-7f631e200000 ---p 00000000 00:00 0 
7f631e200000-7f631e400000 rw-p 00000000 00:00 0 
7f631e4b3000-7f6328000000 r--s 00000000 00:1544 4611686019135192581      /nix/store/gpxl5qgg8kicmcvivwmybwjlpf7wh20l-graalvm17-ce-22.3.0/lib/modules
7f6328000000-7f6328021000 rw-p 00000000 00:00 0 
7f6328021000-7f632c000000 ---p 00000000 00:00 0 
7f632c000000-7f632c136000 rw-p 00000000 00:00 0 
7f632c136000-7f6330000000 ---p 00000000 00:00 0 
7f6330000000-7f6330112000 rw-p 00000000 00:00 0 
7f6330112000-7f6334000000 ---p 00000000 00:00 0 
7f6334000000-7f63341ed000 rw-p 00000000 00:00 0 
7f63341ed000-7f6338000000 ---p 00000000 00:00 0 
7f6338000000-7f6338021000 rw-p 00000000 00:00 0 
7f6338021000-7f633c000000 ---p 00000000 00:00 0 
7f633c000000-7f633c021000 rw-p 00000000 00:00 0 
7f633c021000-7f6340000000 ---p 00000000 00:00 0 
7f6340000000-7f6340336000 rw-p 00000000 00:00 0 
7f6340336000-7f6344000000 ---p 00000000 00:00 0 
7f6344000000-7f634405b000 rw-p 00000000 00:00 0 
7f634405b000-7f6348000000 ---p 00000000 00:00 0 
7f6348000000-7f6348021000 rw-p 00000000 00:00 0 
7f6348021000-7f634c000000 ---p 00000000 00:00 0 
7f634c000000-7f634c09b000 rw-p 00000000 00:00 0 
7f634c09b000-7f6350000000 ---p 00000000 00:00 0 
7f6350000000-7f6350038000 rw-p 00000000 00:00 0 
7f6350038000-7f6354000000 ---p 00000000 00:00 0 
7f6354000000-7f6354021000 rw-p 00000000 00:00 0 
7f6354021000-7f6358000000 ---p 00000000 00:00 0 
7f6359800000-7f635a000000 rw-p 00000000 00:00 0 
7f635a000000-7f635a1e0000 rw-p 00000000 00:00 0 
7f635a1e0000-7f635a300000 rw-p 00000000 00:00 0 
7f635a300000-7f635a400000 rw-p 00000000 00:00 0 
7f635a400000-7f635a800000 rw-p 00000000 00:00 0 
7f635a800000-7f635a900000 rw-p 00000000 00:00 0 
7f635a900000-7f635ab00000 rw-p 00000000 00:00 0 
7f635ab00000-7f635ad00000 rw-p 00000000 00:00 0 
7f635ad00000-7f635ae00000 rw-p 00000000 00:00 0 
7f635ae00000-7f635b000000 rw-p 00000000 00:00 0 
7f635b000000-7f635b100000 rw-p 00000000 00:00 0 
7f635b100000-7f635b200000 rw-p 00000000 00:00 0 
7f635b200000-7f635b700000 rw-p 00000000 00:00 0 
7f635b700000-7f635b800000 rw-p 00000000 00:00 0 
7f635b800000-7f635b900000 rw-p 00000000 00:00 0 
7f635b900000-7f635ba00000 rw-p 00000000 00:00 0 
7f635ba00000-7f635bd00000 rw-p 00000000 00:00 0 
7f635bd00000-7f635be00000 rw-p 00000000 00:00 0 
7f635be00000-7f635c000000 rw-p 00000000 00:00 0 
7f635c000000-7f635c8e3000 rw-p 00000000 00:00 0 
7f635c8e3000-7f6360000000 ---p 00000000 00:00 0 
7f6360000000-7f6360022000 rw-p 00000000 00:00 0 
7f6360022000-7f6364000000 ---p 00000000 00:00 0 
7f6364000000-7f6364021000 rw-p 00000000 00:00 0 
7f6364021000-7f6368000000 ---p 00000000 00:00 0 
7f6368000000-7f6368021000 rw-p 00000000 00:00 0 
7f6368021000-7f636c000000 ---p 00000000 00:00 0 
7f636c000000-7f636c021000 rw-p 00000000 00:00 0 
7f636c021000-7f6370000000 ---p 00000000 00:00 0 
7f6370600000-7f6370610000 r-xp 00000000 00:153f 358                      /home/runner/.cache/jdt-language-server/config/org.eclipse.equinox.launcher/org.eclipse.equinox.launcher.gtk.linux.x86_64_1.2.400.v20211117-0650/eclipse_11600.so
7f6370610000-7f637080f000 ---p 00010000 00:153f 358                      /home/runner/.cache/jdt-language-server/config/org.eclipse.equinox.launcher/org.eclipse.equinox.launcher.gtk.linux.x86_64_1.2.400.v20211117-0650/eclipse_11600.so
7f637080f000-7f6370810000 r--p 0000f000 00:153f 358                      /home/runner/.cache/jdt-language-server/config/org.eclipse.equinox.launcher/org.eclipse.equinox.launcher.gtk.linux.x86_64_1.2.400.v20211117-0650/eclipse_11600.so
7f6370810000-7f6370811000 rw-p 00010000 00:153f 358                      /home/runner/.cache/jdt-language-server/config/org.eclipse.equinox.launcher/org.eclipse.equinox.launcher.gtk.linux.x86_64_1.2.400.v20211117-0650/eclipse_11600.so
7f6371f00000-7f6372000000 ---p 00000000 00:00 0 
7f6372000000-7f63725af000 r--p 01122000 00:1544 4611686019135190040      /nix/store/gpxl5qgg8kicmcvivwmybwjlpf7wh20l-graalvm17-ce-22.3.0/lib/libjvmcicompiler.so
7f63725af000-7f6372700000 r--p 00000000 00:00 0 
7f6372700000-7f637273d000 rw-p 00000000 00:00 0 
7f637273d000-7f6372c5d000 rw-p 0185f000 00:1544 4611686019135190040      /nix/store/gpxl5qgg8kicmcvivwmybwjlpf7wh20l-graalvm17-ce-22.3.0/lib/libjvmcicompiler.so
7f6372c5d000-7f6373044000 r--p 01d7f000 00:1544 4611686019135190040      /nix/store/gpxl5qgg8kicmcvivwmybwjlpf7wh20l-graalvm17-ce-22.3.0/lib/libjvmcicompiler.so
7f6373100000-7f6373104000 ---p 00000000 00:00 0 
7f6373104000-7f6373200000 rw-p 00000000 00:00 0 
7f6373300000-7f6373304000 ---p 00000000 00:00 0 
7f6373304000-7f6373400000 rw-p 00000000 00:00 0 
7f6373500000-7f6373504000 ---p 00000000 00:00 0 
7f6373504000-7f6373600000 rw-p 00000000 00:00 0 
7f6373700000-7f6373704000 ---p 00000000 00:00 0 
7f6373704000-7f6373800000 rw-p 00000000 00:00 0 
7f6373800000-7f6373804000 ---p 00000000 00:00 0 
7f6373804000-7f6373900000 rw-p 00000000 00:00 0 
7f6373900000-7f6373904000 ---p 00000000 00:00 0 
7f6373904000-7f6373a00000 rw-p 00000000 00:00 0 
7f6373b00000-7f6373b04000 ---p 00000000 00:00 0 
7f6373b04000-7f6373c00000 rw-p 00000000 00:00 0 
7f6373c00000-7f6373c04000 ---p 00000000 00:00 0 
7f6373c04000-7f6373d00000 rw-p 00000000 00:00 0 
7f6373d00000-7f6373d04000 ---p 00000000 00:00 0 
7f6373d04000-7f6373e00000 rw-p 00000000 00:00 0 
7f6373e00000-7f6373e04000 ---p 00000000 00:00 0 
7f6373e04000-7f6373f00000 rw-p 00000000 00:00 0 
7f6373f00000-7f6373f04000 ---p 00000000 00:00 0 
7f6373f04000-7f6374000000 rw-p 00000000 00:00 0 
7f6374100000-7f6374104000 ---p 00000000 00:00 0 
7f6374104000-7f6374200000 rw-p 00000000 00:00 0 
7f6374300000-7f6374304000 ---p 00000000 00:00 0 
7f6374304000-7f6374400000 rw-p 00000000 00:00 0 
7f6374400000-7f6374404000 ---p 00000000 00:00 0 
7f6374404000-7f6374500000 rw-p 00000000 00:00 0 
7f6374500000-7f6374504000 ---p 00000000 00:00 0 
7f6374504000-7f6374600000 rw-p 00000000 00:00 0 
7f6374700000-7f6374704000 ---p 00000000 00:00 0 
7f6374704000-7f6374800000 rw-p 00000000 00:00 0 
7f6374800000-7f6374804000 ---p 00000000 00:00 0 
7f6374804000-7f6374900000 rw-p 00000000 00:00 0 
7f6374900000-7f6374904000 ---p 00000000 00:00 0 
7f6374904000-7f6374a00000 rw-p 00000000 00:00 0 
7f6375668000-7f6375b00000 rw-p 00000000 00:00 0 
7f6375c00000-7f6377d6a000 r-xp 00000000 00:1544 4611686019135190040      /nix/store/gpxl5qgg8kicmcvivwmybwjlpf7wh20l-graalvm17-ce-22.3.0/lib/libjvmcicompiler.so
7f6377d6a000-7f6377f69000 ---p 0216a000 00:1544 4611686019135190040      /nix/store/gpxl5qgg8kicmcvivwmybwjlpf7wh20l-graalvm17-ce-22.3.0/lib/libjvmcicompiler.so
7f6377f69000-7f6377f6a000 r--p 02169000 00:1544 4611686019135190040      /nix/store/gpxl5qgg8kicmcvivwmybwjlpf7wh20l-graalvm17-ce-22.3.0/lib/libjvmcicompiler.so
7f6377f6a000-7f6377f6c000 rw-p 0216a000 00:1544 4611686019135190040      /nix/store/gpxl5qgg8kicmcvivwmybwjlpf7wh20l-graalvm17-ce-22.3.0/lib/libjvmcicompiler.so
7f6377f6c000-7f6377f6d000 rw-p 00000000 00:00 0 
7f6377f6d000-7f6377f72000 rw-p 023c3000 00:1544 4611686019135190040      /nix/store/gpxl5qgg8kicmcvivwmybwjlpf7wh20l-graalvm17-ce-22.3.0/lib/libjvmcicompiler.so
7f6378000000-7f6378021000 rw-p 00000000 00:00 0 
7f6378021000-7f637c000000 ---p 00000000 00:00 0 
7f637c000000-7f637c021000 rw-p 00000000 00:00 0 
7f637c021000-7f6380000000 ---p 00000000 00:00 0 
7f6380000000-7f6380021000 rw-p 00000000 00:00 0 
7f6380021000-7f6384000000 ---p 00000000 00:00 0 
7f6384000000-7f6384021000 rw-p 00000000 00:00 0 
7f6384021000-7f6388000000 ---p 00000000 00:00 0 
7f6388000000-7f638810d000 rw-p 00000000 00:00 0 
7f638810d000-7f638c000000 ---p 00000000 00:00 0 
7f638c000000-7f638cc79000 rw-p 00000000 00:00 0 
7f638cc79000-7f6390000000 ---p 00000000 00:00 0 
7f6390000000-7f6390021000 rw-p 00000000 00:00 0 
7f6390021000-7f6394000000 ---p 00000000 00:00 0 
7f6394000000-7f6394021000 rw-p 00000000 00:00 0 
7f6394021000-7f6398000000 ---p 00000000 00:00 0 
7f6398000000-7f6398021000 rw-p 00000000 00:00 0 
7f6398021000-7f639c000000 ---p 00000000 00:00 0 
7f639c000000-7f639c021000 rw-p 00000000 00:00 0 
7f639c021000-7f63a0000000 ---p 00000000 00:00 0 
7f63a0000000-7f63a0021000 rw-p 00000000 00:00 0 
7f63a0021000-7f63a4000000 ---p 00000000 00:00 0 
7f63a4000000-7f63a4021000 rw-p 00000000 00:00 0 
7f63a4021000-7f63a8000000 ---p 00000000 00:00 0 
7f63a8000000-7f63a81d3000 rw-p 00000000 00:00 0 
7f63a81d3000-7f63ac000000 ---p 00000000 00:00 0 
7f63ac100000-7f63ac104000 ---p 00000000 00:00 0 
7f63ac104000-7f63ac200000 rw-p 00000000 00:00 0 
7f63ac200000-7f63ac204000 ---p 00000000 00:00 0 
7f63ac204000-7f63ac300000 rw-p 00000000 00:00 0 
7f63ac300000-7f63ac304000 ---p 00000000 00:00 0 
7f63ac304000-7f63ac400000 rw-p 00000000 00:00 0 
7f63ac418000-7f63ac41c000 ---p 00000000 00:00 0 
7f63ac41c000-7f63ac518000 rw-p 00000000 00:00 0 
7f63ac518000-7f63ac519000 ---p 00000000 00:00 0 
7f63ac519000-7f63ac61a000 rw-p 00000000 00:00 0 
7f63ac61a000-7f63ac61e000 ---p 00000000 00:00 0 
7f63ac61e000-7f63ac71a000 rw-p 00000000 00:00 0 
7f63ac71a000-7f63ac71e000 ---p 00000000 00:00 0 
7f63ac71e000-7f63ac81a000 rw-p 00000000 00:00 0 
7f63ac81a000-7f63ac81e000 ---p 00000000 00:00 0 
7f63ac81e000-7f63ac91a000 rw-p 00000000 00:00 0 
7f63ac91a000-7f63ac91e000 ---p 00000000 00:00 0 
7f63ac91e000-7f63acb1a000 rw-p 00000000 00:00 0 
7f63acb1a000-7f63acb1e000 ---p 00000000 00:00 0 
7f63acb1e000-7f63acd1a000 rw-p 00000000 00:00 0 
7f63acd1a000-7f63acd1e000 ---p 00000000 00:00 0 
7f63acd1e000-7f63ace1a000 rw-p 00000000 00:00 0 
7f63ace1a000-7f63ace1e000 ---p 00000000 00:00 0 
7f63ace1e000-7f63acf1a000 rw-p 00000000 00:00 0 
7f63acf1a000-7f63acf1e000 ---p 00000000 00:00 0 
7f63acf1e000-7f63ad01a000 rw-p 00000000 00:00 0 
7f63ad01a000-7f63ad300000 r--p 00000000 00:150b 28444448                 /usr/lib/locale/locale-archive
7f63ad300000-7f63ad304000 ---p 00000000 00:00 0 
7f63ad304000-7f63ad800000 rw-p 00000000 00:00 0 
7f63ad800000-7f63adb00000 rw-p 00000000 00:00 0 
7f63adb00000-7f63adc00000 rw-p 00000000 00:00 0 
7f63adcae000-7f63adcb2000 ---p 00000000 00:00 0 
7f63adcb2000-7f63adcd0000 rw-p 00000000 00:00 0 
7f63adcd0000-7f63adcd7000 r-xp 00000000 00:1544 4611686019135192580      /nix/store/gpxl5qgg8kicmcvivwmybwjlpf7wh20l-graalvm17-ce-22.3.0/lib/libzip.so
7f63adcd7000-7f63adcd8000 ---p 00007000 00:1544 4611686019135192580      /nix/store/gpxl5qgg8kicmcvivwmybwjlpf7wh20l-graalvm17-ce-22.3.0/lib/libzip.so
7f63adcd8000-7f63adcd9000 r--p 00007000 00:1544 4611686019135192580      /nix/store/gpxl5qgg8kicmcvivwmybwjlpf7wh20l-graalvm17-ce-22.3.0/lib/libzip.so
7f63adcd9000-7f63adcda000 rw-p 00008000 00:1544 4611686019135192580      /nix/store/gpxl5qgg8kicmcvivwmybwjlpf7wh20l-graalvm17-ce-22.3.0/lib/libzip.so
7f63adcda000-7f63adcdc000 rw-p 0000b000 00:1544 4611686019135192580      /nix/store/gpxl5qgg8kicmcvivwmybwjlpf7wh20l-graalvm17-ce-22.3.0/lib/libzip.so
7f63adcdc000-7f63adce0000 ---p 00000000 00:00 0 
7f63adce0000-7f63adddc000 rw-p 00000000 00:00 0 
7f63adddc000-7f63adddd000 ---p 00000000 00:00 0 
7f63adddd000-7f63adede000 rw-p 00000000 00:00 0 
7f63adede000-7f63adfac000 r-xp 00000000 00:1544 4611686019135190036      /nix/store/gpxl5qgg8kicmcvivwmybwjlpf7wh20l-graalvm17-ce-22.3.0/lib/libjsvml.so
7f63adfac000-7f63adfad000 r--p 000cd000 00:1544 4611686019135190036      /nix/store/gpxl5qgg8kicmcvivwmybwjlpf7wh20l-graalvm17-ce-22.3.0/lib/libjsvml.so
7f63adfad000-7f63adfae000 rw-p 000ce000 00:1544 4611686019135190036      /nix/store/gpxl5qgg8kicmcvivwmybwjlpf7wh20l-graalvm17-ce-22.3.0/lib/libjsvml.so
7f63adfae000-7f63af4b3000 rw-p 00000000 00:00 0 
7f63af4b3000-7f63af723000 rwxp 00000000 00:00 0 
7f63af723000-7f63afa42000 ---p 00000000 00:00 0 
7f63afa42000-7f63b1292000 rwxp 00000000 00:00 0 
7f63b1292000-7f63b6f7a000 ---p 00000000 00:00 0 
7f63b6f7a000-7f63b721a000 rwxp 00000000 00:00 0 
7f63b721a000-7f63be4b3000 ---p 00000000 00:00 0 
7f63be4b3000-7f63c8000000 r--s 00000000 00:1544 4611686019135192581      /nix/store/gpxl5qgg8kicmcvivwmybwjlpf7wh20l-graalvm17-ce-22.3.0/lib/modules
7f63c8000000-7f63c8604000 rw-p 00000000 00:00 0 
7f63c8604000-7f63cc000000 ---p 00000000 00:00 0 
7f63cc002000-7f63cc004000 r-xp 00000000 00:1544 4611686019135190017      /nix/store/gpxl5qgg8kicmcvivwmybwjlpf7wh20l-graalvm17-ce-22.3.0/lib/libextnet.so
7f63cc004000-7f63cc005000 r--p 00001000 00:1544 4611686019135190017      /nix/store/gpxl5qgg8kicmcvivwmybwjlpf7wh20l-graalvm17-ce-22.3.0/lib/libextnet.so
7f63cc005000-7f63cc006000 rw-p 00002000 00:1544 4611686019135190017      /nix/store/gpxl5qgg8kicmcvivwmybwjlpf7wh20l-graalvm17-ce-22.3.0/lib/libextnet.so
7f63cc006000-7f63cc007000 rw-p 00004000 00:1544 4611686019135190017      /nix/store/gpxl5qgg8kicmcvivwmybwjlpf7wh20l-graalvm17-ce-22.3.0/lib/libextnet.so
7f63cc007000-7f63cc01c000 r-xp 00000000 00:1544 4611686019135192570      /nix/store/gpxl5qgg8kicmcvivwmybwjlpf7wh20l-graalvm17-ce-22.3.0/lib/libnet.so
7f63cc01c000-7f63cc01d000 ---p 00015000 00:1544 4611686019135192570      /nix/store/gpxl5qgg8kicmcvivwmybwjlpf7wh20l-graalvm17-ce-22.3.0/lib/libnet.so
7f63cc01d000-7f63cc01e000 r--p 00015000 00:1544 4611686019135192570      /nix/store/gpxl5qgg8kicmcvivwmybwjlpf7wh20l-graalvm17-ce-22.3.0/lib/libnet.so
7f63cc01e000-7f63cc01f000 rw-p 00016000 00:1544 4611686019135192570      /nix/store/gpxl5qgg8kicmcvivwmybwjlpf7wh20l-graalvm17-ce-22.3.0/lib/libnet.so
7f63cc01f000-7f63cc022000 rw-p 0001b000 00:1544 4611686019135192570      /nix/store/gpxl5qgg8kicmcvivwmybwjlpf7wh20l-graalvm17-ce-22.3.0/lib/libnet.so
7f63cc022000-7f63cc035000 r-xp 00000000 00:1544 4611686019135192571      /nix/store/gpxl5qgg8kicmcvivwmybwjlpf7wh20l-graalvm17-ce-22.3.0/lib/libnio.so
7f63cc035000-7f63cc036000 r--p 00012000 00:1544 4611686019135192571      /nix/store/gpxl5qgg8kicmcvivwmybwjlpf7wh20l-graalvm17-ce-22.3.0/lib/libnio.so
7f63cc036000-7f63cc037000 rw-p 00013000 00:1544 4611686019135192571      /nix/store/gpxl5qgg8kicmcvivwmybwjlpf7wh20l-graalvm17-ce-22.3.0/lib/libnio.so
7f63cc037000-7f63cc03c000 rw-p 00019000 00:1544 4611686019135192571      /nix/store/gpxl5qgg8kicmcvivwmybwjlpf7wh20l-graalvm17-ce-22.3.0/lib/libnio.so
7f63cc03c000-7f63cc40f000 rw-p 00000000 00:00 0 
7f63cc40f000-7f63cc410000 ---p 00000000 00:00 0 
7f63cc410000-7f63cc5bb000 rw-p 00000000 00:00 0 
7f63cc5bb000-7f63cc5f4000 rw-p 00000000 00:00 0 
7f63cc5f4000-7f63cc611000 ---p 00000000 00:00 0 
7f63cc611000-7f63cc618000 rw-p 00000000 00:00 0 
7f63cc618000-7f63cc6fd000 ---p 00000000 00:00 0 
7f63cc6fd000-7f63cc72e000 rw-p 00000000 00:00 0 
7f63cc72e000-7f63cc7e8000 ---p 00000000 00:00 0 
7f63cc7e8000-7f63cc7ed000 rw-p 00000000 00:00 0 
7f63cc7ed000-7f63cc7f4000 ---p 00000000 00:00 0 
7f63cc7f4000-7f63cc818000 r-xp 00000000 00:1544 4611686019135190028      /nix/store/gpxl5qgg8kicmcvivwmybwjlpf7wh20l-graalvm17-ce-22.3.0/lib/libjava.so
7f63cc818000-7f63cc819000 ---p 00024000 00:1544 4611686019135190028      /nix/store/gpxl5qgg8kicmcvivwmybwjlpf7wh20l-graalvm17-ce-22.3.0/lib/libjava.so
7f63cc819000-7f63cc81a000 r--p 00024000 00:1544 4611686019135190028      /nix/store/gpxl5qgg8kicmcvivwmybwjlpf7wh20l-graalvm17-ce-22.3.0/lib/libjava.so
7f63cc81a000-7f63cc81b000 rw-p 00025000 00:1544 4611686019135190028      /nix/store/gpxl5qgg8kicmcvivwmybwjlpf7wh20l-graalvm17-ce-22.3.0/lib/libjava.so
7f63cc81b000-7f63cc81c000 rw-p 00000000 00:00 0 
7f63cc81c000-7f63cc823000 rw-p 0002f000 00:1544 4611686019135190028      /nix/store/gpxl5qgg8kicmcvivwmybwjlpf7wh20l-graalvm17-ce-22.3.0/lib/libjava.so
7f63cc823000-7f63cc82b000 rw-s 00000000 00:1507 355                      /tmp/hsperfdata_runner/22
7f63cc82b000-7f63cc82c000 ---p 00000000 00:00 0 
7f63cc82c000-7f63cc82d000 r--p 00000000 00:00 0 
7f63cc82d000-7f63cc82e000 rwxp 00000000 00:00 0 
7f63cc82e000-7f63cc849000 r-xp 00000000 00:1544 4611686019135190032      /nix/store/gpxl5qgg8kicmcvivwmybwjlpf7wh20l-graalvm17-ce-22.3.0/lib/libjimage.so
7f63cc849000-7f63cc84a000 ---p 0001b000 00:1544 4611686019135190032      /nix/store/gpxl5qgg8kicmcvivwmybwjlpf7wh20l-graalvm17-ce-22.3.0/lib/libjimage.so
7f63cc84a000-7f63cc84c000 r--p 0001b000 00:1544 4611686019135190032      /nix/store/gpxl5qgg8kicmcvivwmybwjlpf7wh20l-graalvm17-ce-22.3.0/lib/libjimage.so
7f63cc84c000-7f63cc84d000 rw-p 0001d000 00:1544 4611686019135190032      /nix/store/gpxl5qgg8kicmcvivwmybwjlpf7wh20l-graalvm17-ce-22.3.0/lib/libjimage.so
7f63cc84d000-7f63cc84e000 rw-p 00024000 00:1544 4611686019135190032      /nix/store/gpxl5qgg8kicmcvivwmybwjlpf7wh20l-graalvm17-ce-22.3.0/lib/libjimage.so
7f63cc84e000-7f63cc852000 ---p 00000000 00:00 0 
7f63cc852000-7f63cc94e000 rw-p 00000000 00:00 0 
7f63cc94e000-7f63cc95c000 r--p 00000000 00:1544 4611686019027979927      /nix/store/4nlgxhb09sdr51nc9hdm8az5b08vzkgx-glibc-2.35-163/lib/libm.so.6
7f63cc95c000-7f63cc9cf000 r-xp 0000e000 00:1544 4611686019027979927      /nix/store/4nlgxhb09sdr51nc9hdm8az5b08vzkgx-glibc-2.35-163/lib/libm.so.6
7f63cc9cf000-7f63cca2c000 r--p 00081000 00:1544 4611686019027979927      /nix/store/4nlgxhb09sdr51nc9hdm8az5b08vzkgx-glibc-2.35-163/lib/libm.so.6
7f63cca2c000-7f63cca2d000 r--p 000dd000 00:1544 4611686019027979927      /nix/store/4nlgxhb09sdr51nc9hdm8az5b08vzkgx-glibc-2.35-163/lib/libm.so.6
7f63cca2d000-7f63cca2e000 rw-p 000de000 00:1544 4611686019027979927      /nix/store/4nlgxhb09sdr51nc9hdm8az5b08vzkgx-glibc-2.35-163/lib/libm.so.6
7f63cca2e000-7f63cca2f000 r--p 00000000 00:1544 4611686019027979946      /nix/store/4nlgxhb09sdr51nc9hdm8az5b08vzkgx-glibc-2.35-163/lib/librt.so.1
7f63cca2f000-7f63cca30000 r-xp 00001000 00:1544 4611686019027979946      /nix/store/4nlgxhb09sdr51nc9hdm8az5b08vzkgx-glibc-2.35-163/lib/librt.so.1
7f63cca30000-7f63cca31000 r--p 00002000 00:1544 4611686019027979946      /nix/store/4nlgxhb09sdr51nc9hdm8az5b08vzkgx-glibc-2.35-163/lib/librt.so.1
7f63cca31000-7f63cca32000 r--p 00002000 00:1544 4611686019027979946      /nix/store/4nlgxhb09sdr51nc9hdm8az5b08vzkgx-glibc-2.35-163/lib/librt.so.1
7f63cca32000-7f63cca33000 rw-p 00003000 00:1544 4611686019027979946      /nix/store/4nlgxhb09sdr51nc9hdm8az5b08vzkgx-glibc-2.35-163/lib/librt.so.1
7f63cca33000-7f63cdb46000 r-xp 00000000 00:1544 4611686019135360866      /nix/store/gpxl5qgg8kicmcvivwmybwjlpf7wh20l-graalvm17-ce-22.3.0/lib/server/libjvm.so
7f63cdb46000-7f63cdb47000 ---p 01113000 00:1544 4611686019135360866      /nix/store/gpxl5qgg8kicmcvivwmybwjlpf7wh20l-graalvm17-ce-22.3.0/lib/server/libjvm.so
7f63cdb47000-7f63cdbfc000 r--p 01113000 00:1544 4611686019135360866      /nix/store/gpxl5qgg8kicmcvivwmybwjlpf7wh20l-graalvm17-ce-22.3.0/lib/server/libjvm.so
7f63cdbfc000-7f63cdc30000 rw-p 011c8000 00:1544 4611686019135360866      /nix/store/gpxl5qgg8kicmcvivwmybwjlpf7wh20l-graalvm17-ce-22.3.0/lib/server/libjvm.so
7f63cdc30000-7f63cdc8c000 rw-p 00000000 00:00 0 
7f63cdc8c000-7f63cdcb4000 r--p 00000000 00:1544 4611686019027979918      /nix/store/4nlgxhb09sdr51nc9hdm8az5b08vzkgx-glibc-2.35-163/lib/libc.so.6
7f63cdcb4000-7f63cde2a000 r-xp 00028000 00:1544 4611686019027979918      /nix/store/4nlgxhb09sdr51nc9hdm8az5b08vzkgx-glibc-2.35-163/lib/libc.so.6
7f63cde2a000-7f63cde82000 r--p 0019e000 00:1544 4611686019027979918      /nix/store/4nlgxhb09sdr51nc9hdm8az5b08vzkgx-glibc-2.35-163/lib/libc.so.6
7f63cde82000-7f63cde86000 r--p 001f6000 00:1544 4611686019027979918      /nix/store/4nlgxhb09sdr51nc9hdm8az5b08vzkgx-glibc-2.35-163/lib/libc.so.6
7f63cde86000-7f63cde88000 rw-p 001fa000 00:1544 4611686019027979918      /nix/store/4nlgxhb09sdr51nc9hdm8az5b08vzkgx-glibc-2.35-163/lib/libc.so.6
7f63cde88000-7f63cde97000 rw-p 00000000 00:00 0 
7f63cde97000-7f63cde98000 r--p 00000000 00:1544 4611686019027979923      /nix/store/4nlgxhb09sdr51nc9hdm8az5b08vzkgx-glibc-2.35-163/lib/libdl.so.2
7f63cde98000-7f63cde99000 r-xp 00001000 00:1544 4611686019027979923      /nix/store/4nlgxhb09sdr51nc9hdm8az5b08vzkgx-glibc-2.35-163/lib/libdl.so.2
7f63cde99000-7f63cde9a000 r--p 00002000 00:1544 4611686019027979923      /nix/store/4nlgxhb09sdr51nc9hdm8az5b08vzkgx-glibc-2.35-163/lib/libdl.so.2
7f63cde9a000-7f63cde9b000 r--p 00002000 00:1544 4611686019027979923      /nix/store/4nlgxhb09sdr51nc9hdm8az5b08vzkgx-glibc-2.35-163/lib/libdl.so.2
7f63cde9b000-7f63cde9c000 rw-p 00003000 00:1544 4611686019027979923      /nix/store/4nlgxhb09sdr51nc9hdm8az5b08vzkgx-glibc-2.35-163/lib/libdl.so.2
7f63cde9c000-7f63cde9d000 r--p 00000000 00:1544 4611686019027979942      /nix/store/4nlgxhb09sdr51nc9hdm8az5b08vzkgx-glibc-2.35-163/lib/libpthread.so.0
7f63cde9d000-7f63cde9e000 r-xp 00001000 00:1544 4611686019027979942      /nix/store/4nlgxhb09sdr51nc9hdm8az5b08vzkgx-glibc-2.35-163/lib/libpthread.so.0
7f63cde9e000-7f63cde9f000 r--p 00002000 00:1544 4611686019027979942      /nix/store/4nlgxhb09sdr51nc9hdm8az5b08vzkgx-glibc-2.35-163/lib/libpthread.so.0
7f63cde9f000-7f63cdea0000 r--p 00002000 00:1544 4611686019027979942      /nix/store/4nlgxhb09sdr51nc9hdm8az5b08vzkgx-glibc-2.35-163/lib/libpthread.so.0
7f63cdea0000-7f63cdea1000 rw-p 00003000 00:1544 4611686019027979942      /nix/store/4nlgxhb09sdr51nc9hdm8az5b08vzkgx-glibc-2.35-163/lib/libpthread.so.0
7f63cdea1000-7f63cdeaf000 r-xp 00000000 00:1544 4611686019135190033      /nix/store/gpxl5qgg8kicmcvivwmybwjlpf7wh20l-graalvm17-ce-22.3.0/lib/libjli.so
7f63cdeaf000-7f63cdeb0000 ---p 0000e000 00:1544 4611686019135190033      /nix/store/gpxl5qgg8kicmcvivwmybwjlpf7wh20l-graalvm17-ce-22.3.0/lib/libjli.so
7f63cdeb0000-7f63cdeb1000 r--p 0000e000 00:1544 4611686019135190033      /nix/store/gpxl5qgg8kicmcvivwmybwjlpf7wh20l-graalvm17-ce-22.3.0/lib/libjli.so
7f63cdeb1000-7f63cdeb2000 rw-p 0000f000 00:1544 4611686019135190033      /nix/store/gpxl5qgg8kicmcvivwmybwjlpf7wh20l-graalvm17-ce-22.3.0/lib/libjli.so
7f63cdeb2000-7f63cdeb3000 rw-p 00012000 00:1544 4611686019135190033      /nix/store/gpxl5qgg8kicmcvivwmybwjlpf7wh20l-graalvm17-ce-22.3.0/lib/libjli.so
7f63cdeb3000-7f63cdeb6000 r--p 00000000 00:1544 4611686019106210071      /nix/store/026hln0aq1hyshaxsdvhg0kmcm6yf45r-zlib-1.2.13/lib/libz.so.1.2.13
7f63cdeb6000-7f63cdec8000 r-xp 00003000 00:1544 4611686019106210071      /nix/store/026hln0aq1hyshaxsdvhg0kmcm6yf45r-zlib-1.2.13/lib/libz.so.1.2.13
7f63cdec8000-7f63cdecf000 r--p 00015000 00:1544 4611686019106210071      /nix/store/026hln0aq1hyshaxsdvhg0kmcm6yf45r-zlib-1.2.13/lib/libz.so.1.2.13
7f63cdecf000-7f63cded0000 r--p 0001b000 00:1544 4611686019106210071      /nix/store/026hln0aq1hyshaxsdvhg0kmcm6yf45r-zlib-1.2.13/lib/libz.so.1.2.13
7f63cded0000-7f63cded1000 rw-p 0001c000 00:1544 4611686019106210071      /nix/store/026hln0aq1hyshaxsdvhg0kmcm6yf45r-zlib-1.2.13/lib/libz.so.1.2.13
7f63cded1000-7f63cded3000 rw-p 00000000 00:00 0 
7f63cded3000-7f63cded5000 r--p 00000000 00:1544 4611686019027979912      /nix/store/4nlgxhb09sdr51nc9hdm8az5b08vzkgx-glibc-2.35-163/lib/ld-linux-x86-64.so.2
7f63cded5000-7f63cdefc000 r-xp 00002000 00:1544 4611686019027979912      /nix/store/4nlgxhb09sdr51nc9hdm8az5b08vzkgx-glibc-2.35-163/lib/ld-linux-x86-64.so.2
7f63cdefc000-7f63cdf08000 r--p 00029000 00:1544 4611686019027979912      /nix/store/4nlgxhb09sdr51nc9hdm8az5b08vzkgx-glibc-2.35-163/lib/ld-linux-x86-64.so.2
7f63cdf08000-7f63cdf0a000 r--p 00034000 00:1544 4611686019027979912      /nix/store/4nlgxhb09sdr51nc9hdm8az5b08vzkgx-glibc-2.35-163/lib/ld-linux-x86-64.so.2
7f63cdf0a000-7f63cdf0c000 rw-p 00036000 00:1544 4611686019027979912      /nix/store/4nlgxhb09sdr51nc9hdm8az5b08vzkgx-glibc-2.35-163/lib/ld-linux-x86-64.so.2
7ffcdcfd1000-7ffcdcff5000 rw-p 00000000 00:00 0                          [stack]
7ffcdcff5000-7ffcdcff9000 r--p 00000000 00:00 0                          [vvar]
7ffcdcff9000-7ffcdcffb000 r-xp 00000000 00:00 0                          [vdso]
ffffffffff600000-ffffffffff601000 --xp 00000000 00:00 0                  [vsyscall]


VM Arguments:
jvm_args: -XX:ThreadPriorityPolicy=1 -XX:+UnlockExperimentalVMOptions -XX:+EnableJVMCIProduct -XX:JVMCIThreadsPerNativeLibraryRuntime=1 -XX:-UnlockExperimentalVMOptions -Declipse.application=org.eclipse.jdt.ls.core.id1 -Dosgi.bundles.defaultStartLevel=4 -Declipse.product=org.eclipse.jdt.ls.core.product -Dlog.level=ALL -Xverify:none -XX:+UseParallelGC -XX:GCTimeRatio=4 -XX:AdaptiveSizePolicyWeight=90 -Dsun.zip.disableMemoryMapping=true -Xmx512m -Xms100m 
java_command: /nix/store/m6gcpi1ii6rghy04cjwjddcavv7i90df-jdt-language-server-1.9.0/share/java/plugins/org.eclipse.equinox.launcher_1.6.400.v20210924-0641.jar --add-modules=ALL-SYSTEM --add-opens java.base/java.util=ALL-UNNAMED --add-opens java.base/java.lang=ALL-UNNAMED -configuration /home/runner/.cache/jdt-language-server/config -data /home/runner/.cache/jdt-language-server/data/home/runner/Scanner
java_class_path (initial): /nix/store/m6gcpi1ii6rghy04cjwjddcavv7i90df-jdt-language-server-1.9.0/share/java/plugins/org.eclipse.equinox.launcher_1.6.400.v20210924-0641.jar
Launcher Type: SUN_STANDARD

[Global flags]
    uintx AdaptiveSizePolicyWeight                 = 90                                        {product} {command line}
     intx CICompilerCount                          = 2                                         {product} {ergonomic}
     bool EnableJVMCIProduct                       = true                                {JVMCI product} {jimage}
    uintx GCTimeRatio                              = 4                                         {product} {command line}
   size_t InitialHeapSize                          = 104857600                                 {product} {command line}
     uint JVMCIThreadsPerNativeLibraryRuntime      = 1                                   {JVMCI product} {jimage}
   size_t MaxHeapSize                              = 536870912                                 {product} {command line}
   size_t MaxNewSize                               = 178782208                                 {product} {ergonomic}
   size_t MinHeapDeltaBytes                        = 524288                                    {product} {ergonomic}
   size_t MinHeapSize                              = 104857600                                 {product} {command line}
   size_t NewSize                                  = 34603008                                  {product} {ergonomic}
    uintx NonNMethodCodeHeapSize                   = 5826188                                {pd product} {ergonomic}
    uintx NonProfiledCodeHeapSize                  = 122916026                              {pd product} {ergonomic}
   size_t OldSize                                  = 70254592                                  {product} {ergonomic}
    uintx ProfiledCodeHeapSize                     = 122916026                              {pd product} {ergonomic}
    uintx ReservedCodeCacheSize                    = 251658240                              {pd product} {ergonomic}
     bool SegmentedCodeCache                       = true                                      {product} {ergonomic}
   size_t SoftMaxHeapSize                          = 536870912                              {manageable} {ergonomic}
     intx ThreadPriorityPolicy                     = 1                                         {product} {jimage}
     bool UseCompressedClassPointers               = true                           {product lp64_product} {ergonomic}
     bool UseCompressedOops                        = true                           {product lp64_product} {ergonomic}
     bool UseParallelGC                            = true                                      {product} {command line}

Logging:
Log output configuration:
 #0: stdout all=warning uptime,level,tags
 #1: stderr all=off uptime,level,tags

Environment Variables:
JAVA_HOME=/nix/store/gpxl5qgg8kicmcvivwmybwjlpf7wh20l-graalvm17-ce-22.3.0
PATH=/nix/store/1d6ian3r8kdzspw8hacjhl3xkp40g1lj-binutils-wrapper-2.39/bin:/nix/store/dq0xwmsk1g0i2ayg6pb7y87na2knzylh-gcc-wrapper-11.3.0/bin:/nix/store/bap4d0lpcrhpwmpb8ayjcgkmvfj62lnq-bash-interactive-5.1-p16/bin:/nix/store/pr5n59mb4jzmfx6kanwxly0l07p861fg-patchelf-0.15.0/bin:/nix/store/1gf2flfqnpqbr1b4p4qz2f72y42bs56r-gcc-11.3.0/bin:/nix/store/57xv61c5zi8pphjbcwxxjlgc34p61ic9-glibc-2.35-163-bin/bin:/nix/store/a7gvj343m05j2s32xcnwr35v31ynlypr-coreutils-9.1/bin:/nix/store/039g378vc3pc3dvi9dzdlrd0i4q93qwf-binutils-2.39/bin:/nix/store/gpxl5qgg8kicmcvivwmybwjlpf7wh20l-graalvm17-ce-22.3.0/bin:/nix/store/6z9ag3ihc8mq2hzsw48lhbznvzny65nz-apache-maven-3.8.6/bin:/nix/store/m6gcpi1ii6rghy04cjwjddcavv7i90df-jdt-language-server-1.9.0/bin:/nix/store/84xs5alhs01zrbr4ywm05kxbjbp5590l-java-debug/bin:/nix/store/mydc6f4k2z73xlcz7ilif3v2lcaiqvza-findutils-4.9.0/bin:/nix/store/j9p3g8472iijd50vhdprx0nmk2fqn5gv-diffutils-3.8/bin:/nix/store/89zs7rms6x00xfq4dq6m7mjnhkr8a6r4-gnused-4.8/bin:/nix/store/86bp03jkmsl6f92w0yzg4s59g5mhxwmy-gnugrep-3.7/bin:/nix/store/hwcdqw4jrjnd37wxqgsd47hd0j8bnj09-gawk-5.1.1/bin:/nix/store/cfbhw8r8ags41vwqaz47r583d0p4h4a1-gnutar-1.34/bin:/nix/store/p3m1ndl1lapwrlh698bnb5lvvxh67378-gzip-1.12/bin:/nix/store/a8mhcagrsly7c7mpjrpsnaahk4aax056-bzip2-1.0.8-bin/bin:/nix/store/mblgz65m3zv9x548a3d5m96fj2pbwr09-gnumake-4.3/bin:/nix/store/dsd5gz46hdbdk2rfdimqddhq6m8m8fqs-bash-5.1-p16/bin:/nix/store/v7ljksji50mg3w61dykaa3n3y79n6nil-patch-2.7.6/bin:/nix/store/zlcnmqq14jz5x9439jf937mvayyl63da-xz-5.2.7-bin/bin:/nix/store/y6aj732zm9m87c82fpvf103a1xb22blp-file-5.43/bin:/nix/store/i4kzir3m7mrisxmf5xvlnkw01x4qaqr4-prybar-elisp-0.0.0-e0d9a52/bin:/nix/store/lwwivxf6h7x3cvxp9zv8sj0mv7dak99r-prybar-lua-0.0.0-e0d9a52/bin:/nix/store/gxj28g1cg4hq3qanmjv07156h800qr58-prybar-python3-0.0.0-e0d9a52/bin:/nix/store/hshkjnxrgidigf8x75vg6lqng2xlx9i3-prybar-sqlite-0.0.0-e0d9a52/bin:/nix/store/c4w01bpjgyy5ixmwdk8m1pw87zq4sl26-prybar-tcl-0.0.0-e0d9a52/bin:/nix/store/hpbvrlwd5viqmvcaisb3x0118i913a9n-st
LD_LIBRARY_PATH=/nix/store/a4pff549sk2idnkpzk5nsfps3mdkdnvm-cups-2.4.2-lib/lib:/nix/store/72mqxxhh3cy5yifh92wh2yb8cl2hikyy-cairo-1.16.0/lib:/nix/store/2k366jrbsra97gjfxwvrhvixjfxdach5-glib-2.74.1/lib:/nix/store/2j2znigd8ak37rlwh9khz0ry3clqlw1l-gtk+3-3.24.34/lib:/nix/store/hisqvx32cd57apbpcsnkpx6k3549wql1-libglvnd-1.4.0/lib:/nix/store/p36pgcv991mq5srvg765b78yqpxvk3qs-mesa-21.3.3-drivers/lib:/nix/store/mav4251if1ahjq5vkpwycyyvnmy459c4-pulseaudio-14.2/lib
DISPLAY=:0
LANG=en_US.UTF-8

Signal Handlers:
   SIGSEGV: crash_handler in libjvm.so, mask=11100100010111111101111111111110, flags=SA_RESTART|SA_SIGINFO
    SIGBUS: crash_handler in libjvm.so, mask=11100100010111111101111111111110, flags=SA_RESTART|SA_SIGINFO
    SIGFPE: crash_handler in libjvm.so, mask=11100100010111111101111111111110, flags=SA_RESTART|SA_SIGINFO
   SIGPIPE: IsolateEnterStub_IgnoreSIGPIPEStartupHook_noopSignalHandler_8f19bff2f35b5f630d83b364d6b2339320d4ec70_216e8361c6bc87a8f89f58cc10d3b2fd4415bf87 in libjvmcicompiler.so, mask=00000000000000000000000000000000, flags=SA_RESTART
  *** Handler was modified!
  *** Expected: javaSignalHandler in libjvm.so, mask=11100100110111111111111111111110, flags=SA_RESTART|SA_SIGINFO
   SIGXFSZ: javaSignalHandler in libjvm.so, mask=11100100010111111101111111111110, flags=SA_RESTART|SA_SIGINFO
    SIGILL: crash_handler in libjvm.so, mask=11100100010111111101111111111110, flags=SA_RESTART|SA_SIGINFO
   SIGUSR2: SR_handler in libjvm.so, mask=00000000000000000000000000000000, flags=SA_RESTART|SA_SIGINFO
    SIGHUP: UserHandler in libjvm.so, mask=11100100010111111101111111111110, flags=SA_RESTART|SA_SIGINFO
    SIGINT: UserHandler in libjvm.so, mask=11100100010111111101111111111110, flags=SA_RESTART|SA_SIGINFO
   SIGTERM: UserHandler in libjvm.so, mask=11100100010111111101111111111110, flags=SA_RESTART|SA_SIGINFO
   SIGQUIT: UserHandler in libjvm.so, mask=11100100010111111101111111111110, flags=SA_RESTART|SA_SIGINFO
  *** Handler was modified!
  *** Expected: javaSignalHandler in libjvm.so, mask=11100100110111111111111111111110, flags=SA_RESTART|SA_SIGINFO
   SIGTRAP: crash_handler in libjvm.so, mask=11100100010111111101111111111110, flags=SA_RESTART|SA_SIGINFO


---------------  S Y S T E M  ---------------

OS:
DISTRIB_ID=Ubuntu
DISTRIB_RELEASE=20.04
DISTRIB_CODENAME=focal
DISTRIB_DESCRIPTION="Ubuntu 20.04.2 LTS"
uname: Linux 5.19.0-1025-gcp #27~22.04.1-Ubuntu SMP Wed May 24 03:53:01 UTC 2023 x86_64
OS uptime: 0 days 6:59 hours
libc: glibc 2.35 NPTL 2.35 
rlimit (soft/hard): STACK 8192k/infinity , CORE infinity/infinity , NPROC infinity/infinity , NOFILE 5242/5242 , AS infinity/infinity , CPU infinity/infinity , DATA infinity/infinity , FSIZE infinity/infinity , MEMLOCK 8192k/8192k
load average: 20.78 14.25 12.85

/proc/meminfo:
MemTotal:       65852244 kB
MemFree:        12736956 kB
MemAvailable:   36995920 kB
Buffers:         3006548 kB
Cached:         19854740 kB
SwapCached:            0 kB
Active:         10603472 kB
Inactive:       38319768 kB
Active(anon):      17304 kB
Inactive(anon): 25671864 kB
Active(file):   10586168 kB
Inactive(file): 12647904 kB
Unevictable:       55720 kB
Mlocked:           55720 kB
SwapTotal:             0 kB
SwapFree:              0 kB
Zswap:                 0 kB
Zswapped:              0 kB
Dirty:             11000 kB
Writeback:           332 kB
AnonPages:      24800424 kB
Mapped:          2152856 kB
Shmem:             36480 kB
KReclaimable:    1759684 kB
Slab:            2951780 kB
SReclaimable:    1759684 kB
SUnreclaim:      1192096 kB
KernelStack:      488680 kB
PageTables:       247008 kB
NFS_Unstable:          0 kB
Bounce:                0 kB
WritebackTmp:          0 kB
CommitLimit:    32926120 kB
Committed_AS:   82718076 kB
VmallocTotal:   34359738367 kB
VmallocUsed:      532840 kB
VmallocChunk:          0 kB
Percpu:            64960 kB
HardwareCorrupted:     0 kB
AnonHugePages:   6309888 kB
ShmemHugePages:        0 kB
ShmemPmdMapped:        0 kB
FileHugePages:         0 kB
FilePmdMapped:         0 kB
HugePages_Total:       0
HugePages_Free:        0
HugePages_Rsvd:        0
HugePages_Surp:        0
Hugepagesize:       2048 kB
Hugetlb:               0 kB
DirectMap4k:     7803704 kB
DirectMap2M:    54059008 kB
DirectMap1G:     7340032 kB

/sys/kernel/mm/transparent_hugepage/enabled: always [madvise] never
/sys/kernel/mm/transparent_hugepage/defrag (defrag/compaction efforts parameter): always defer defer+madvise [madvise] never

Process Memory:
Virtual Size: 4730968K (peak: 4770620K)
Resident Set Size: 802008K (peak: 846980K) (anon: 604856K, file: 197152K, shmem: 0K)
Swapped out: 0K
C-Heap outstanding allocations: 42930K, retained: 14969K
glibc malloc tunables: (default)

/proc/sys/kernel/threads-max (system-wide limit on the number of threads): 514406
/proc/sys/vm/max_map_count (maximum number of memory map areas a process may have): 65530
/proc/sys/kernel/pid_max (system-wide limit on number of process identifiers): 4194304

container (cgroup) information:
container_type: cgroupv1
cpu_cpuset_cpus: 2-7
cpu_memory_nodes: 0
active_processor_count: 1
cpu_quota: 50000
cpu_period: 100000
cpu_shares: 512
memory_limit_in_bytes: 1048576 k
memory_and_swap_limit_in_bytes: 1048576 k
memory_soft_limit_in_bytes: 524288 k
memory_usage_in_bytes: 645192 k
memory_max_usage_in_bytes: 739640 k
maximum number of tasks: 1000
current number of tasks: 46

KVM virtualization detected
Steal ticks since vm start: 0
Steal ticks percentage since vm start:  0.000

CPU: total 8 (initial active 1) (8 cores per cpu, 2 threads per core) family 23 model 49 stepping 0 microcode 0xffffffff, cx8, cmov, fxsr, ht, mmx, 3dnowpref, sse, sse2, sse3, ssse3, sse4a, sse4.1, sse4.2, popcnt, lzcnt, tsc, tscinvbit, avx, avx2, aes, clmul, bmi1, bmi2, adx, sha, fma, vzeroupper, clflush, clflushopt, hv
CPU Model and flags from /proc/cpuinfo:
model name	: AMD EPYC 7B12
flags		: fpu vme de pse tsc msr pae mce cx8 apic sep mtrr pge mca cmov pat pse36 clflush mmx fxsr sse sse2 ht syscall nx mmxext fxsr_opt pdpe1gb rdtscp lm constant_tsc rep_good nopl nonstop_tsc cpuid extd_apicid tsc_known_freq pni pclmulqdq ssse3 fma cx16 sse4_1 sse4_2 movbe popcnt aes xsave avx f16c rdrand hypervisor lahf_lm cmp_legacy cr8_legacy abm sse4a misalignsse 3dnowprefetch osvw topoext ssbd ibrs ibpb stibp vmmcall fsgsbase tsc_adjust bmi1 avx2 smep bmi2 rdseed adx smap clflushopt clwb sha_ni xsaveopt xsavec xgetbv1 clzero xsaveerptr arat npt nrip_save umip rdpid

Online cpus: 0-7
Offline cpus: 
BIOS frequency limitation: <Not Available>
Frequency switch latency (ns): <Not Available>
Available cpu frequencies: <Not Available>
Current governor: <Not Available>
Core performance/turbo boost: <Not Available>

Memory: 4k page, physical 1048576k(403376k free), swap 0k(0k free)
Page Sizes: 4k

vm_info: OpenJDK 64-Bit Server VM (17.0.5+8-jvmci-22.3-b08) for linux-amd64 JRE (17.0.5+8-jvmci-22.3-b08), built on Oct 19 2022 09:01:27 by "buildslave" with gcc 10.3.0

END.
